<?xml version="1.0" encoding="UTF-8"?>
<robot generator="Robot 5.0.1 (Python 3.7.0 on win32)" generated="20220612 20:04:00.636" rpa="false" schemaversion="3">
<suite id="s1" name="Testcases" source="C:\Users\doopati\PycharmProjects\automation\Testcases">
<suite id="s1-s1" name="Alert" source="C:\Users\doopati\PycharmProjects\automation\Testcases\alert.robot">
<test id="s1-s1-t1" name="AlertTesting" line="7">
<kw name="Open Browser" library="SeleniumLibrary">
<arg>${url}</arg>
<arg>${browser}</arg>
<doc>Opens a new browser instance to the optional ``url``.</doc>
<msg timestamp="20220612 20:04:02.599" level="INFO">Opening browser 'chrome' to base url 'https://testautomationpractice.blogspot.com/'.</msg>
<status status="PASS" starttime="20220612 20:04:02.598" endtime="20220612 20:04:21.830"/>
</kw>
<kw name="Maximize Browser Window" library="SeleniumLibrary">
<doc>Maximizes current browser window.</doc>
<status status="PASS" starttime="20220612 20:04:21.838" endtime="20220612 20:04:22.059"/>
</kw>
<kw name="Click Element" library="SeleniumLibrary">
<arg>xpath://button[@onclick='myFunction()']</arg>
<doc>Click the element identified by ``locator``.</doc>
<msg timestamp="20220612 20:04:22.064" level="INFO">Clicking element 'xpath://button[@onclick='myFunction()']'.</msg>
<status status="PASS" starttime="20220612 20:04:22.063" endtime="20220612 20:04:22.226"/>
</kw>
<kw name="Sleep" library="BuiltIn">
<arg>3</arg>
<doc>Pauses the test executed for the given time.</doc>
<msg timestamp="20220612 20:04:25.245" level="INFO">Slept 3 seconds</msg>
<status status="PASS" starttime="20220612 20:04:22.228" endtime="20220612 20:04:25.245"/>
</kw>
<kw name="Alert Should Be Present" library="SeleniumLibrary">
<arg>Press a button!</arg>
<doc>Verifies that an alert is present and by default, accepts it.</doc>
<msg timestamp="20220612 20:04:25.248" level="INFO">HANDLE::&lt;class 'NoneType'&gt;::None</msg>
<status status="PASS" starttime="20220612 20:04:25.247" endtime="20220612 20:04:25.261"/>
</kw>
<status status="PASS" starttime="20220612 20:04:02.595" endtime="20220612 20:04:25.263"/>
</test>
<status status="PASS" starttime="20220612 20:04:00.793" endtime="20220612 20:04:25.277"/>
</suite>
<suite id="s1-s2" name="Browserwindows" source="C:\Users\doopati\PycharmProjects\automation\Testcases\browserwindows.robot">
<test id="s1-s2-t1" name="MultipleBrowsersTest" line="7">
<kw name="Open Browser" library="SeleniumLibrary">
<arg>https://www.google.com/</arg>
<arg>${browser}</arg>
<doc>Opens a new browser instance to the optional ``url``.</doc>
<msg timestamp="20220612 20:04:25.339" level="INFO">Opening browser 'chrome' to base url 'https://www.google.com/'.</msg>
<status status="PASS" starttime="20220612 20:04:25.336" endtime="20220612 20:04:36.360"/>
</kw>
<kw name="Maximize Browser Window" library="SeleniumLibrary">
<doc>Maximizes current browser window.</doc>
<status status="PASS" starttime="20220612 20:04:36.364" endtime="20220612 20:04:36.600"/>
</kw>
<kw name="Sleep" library="BuiltIn">
<arg>3</arg>
<doc>Pauses the test executed for the given time.</doc>
<msg timestamp="20220612 20:04:39.605" level="INFO">Slept 3 seconds</msg>
<status status="PASS" starttime="20220612 20:04:36.603" endtime="20220612 20:04:39.605"/>
</kw>
<kw name="Open Browser" library="SeleniumLibrary">
<arg>https://www.bing.com/</arg>
<arg>${browser}</arg>
<doc>Opens a new browser instance to the optional ``url``.</doc>
<msg timestamp="20220612 20:04:39.609" level="INFO">Opening browser 'chrome' to base url 'https://www.bing.com/'.</msg>
<status status="PASS" starttime="20220612 20:04:39.608" endtime="20220612 20:04:48.812"/>
</kw>
<kw name="Maximize Browser Window" library="SeleniumLibrary">
<doc>Maximizes current browser window.</doc>
<status status="PASS" starttime="20220612 20:04:48.844" endtime="20220612 20:04:49.563"/>
</kw>
<kw name="Switch Browser" library="SeleniumLibrary">
<arg>1</arg>
<doc>Switches between active browsers using ``index_or_alias``.</doc>
<status status="PASS" starttime="20220612 20:04:49.584" endtime="20220612 20:04:49.584"/>
</kw>
<kw name="Get Title" library="SeleniumLibrary">
<var>${title1}</var>
<doc>Returns the title of the current page.</doc>
<msg timestamp="20220612 20:04:49.801" level="INFO">${title1} = Automation Testing Practice</msg>
<status status="PASS" starttime="20220612 20:04:49.587" endtime="20220612 20:04:49.801"/>
</kw>
<kw name="Log To Console" library="BuiltIn">
<arg>${title1}</arg>
<doc>Logs the given message to the console.</doc>
<status status="PASS" starttime="20220612 20:04:49.807" endtime="20220612 20:04:49.809"/>
</kw>
<kw name="Switch Browser" library="SeleniumLibrary">
<arg>2</arg>
<doc>Switches between active browsers using ``index_or_alias``.</doc>
<status status="PASS" starttime="20220612 20:04:49.810" endtime="20220612 20:04:49.811"/>
</kw>
<kw name="Get Title" library="SeleniumLibrary">
<var>${title2}</var>
<doc>Returns the title of the current page.</doc>
<msg timestamp="20220612 20:04:49.843" level="INFO">${title2} = Google</msg>
<status status="PASS" starttime="20220612 20:04:49.812" endtime="20220612 20:04:49.843"/>
</kw>
<kw name="Log To Console" library="BuiltIn">
<arg>${title2}</arg>
<doc>Logs the given message to the console.</doc>
<status status="PASS" starttime="20220612 20:04:49.846" endtime="20220612 20:04:49.849"/>
</kw>
<kw name="Sleep" library="BuiltIn">
<arg>3</arg>
<doc>Pauses the test executed for the given time.</doc>
<msg timestamp="20220612 20:04:52.852" level="INFO">Slept 3 seconds</msg>
<status status="PASS" starttime="20220612 20:04:49.850" endtime="20220612 20:04:52.852"/>
</kw>
<kw name="Close All Browsers" library="SeleniumLibrary">
<doc>Closes all open browsers and resets the browser cache.</doc>
<status status="PASS" starttime="20220612 20:04:52.894" endtime="20220612 20:05:05.239"/>
</kw>
<status status="PASS" starttime="20220612 20:04:25.332" endtime="20220612 20:05:05.244"/>
</test>
<status status="PASS" starttime="20220612 20:04:25.298" endtime="20220612 20:05:05.249"/>
</suite>
<suite id="s1-s3" name="Capturescreen" source="C:\Users\doopati\PycharmProjects\automation\Testcases\capturescreen.robot">
<test id="s1-s3-t1" name="LoginTc" line="6">
<kw name="Open Browser" library="SeleniumLibrary">
<arg>https://opensource-demo.orangehrmlive.com/</arg>
<arg>chrome</arg>
<doc>Opens a new browser instance to the optional ``url``.</doc>
<msg timestamp="20220612 20:05:05.273" level="INFO">Opening browser 'chrome' to base url 'https://opensource-demo.orangehrmlive.com/'.</msg>
<status status="PASS" starttime="20220612 20:05:05.273" endtime="20220612 20:05:17.190"/>
</kw>
<kw name="Maximize Browser Window" library="SeleniumLibrary">
<doc>Maximizes current browser window.</doc>
<status status="PASS" starttime="20220612 20:05:17.194" endtime="20220612 20:05:17.353"/>
</kw>
<kw name="Input Text" library="SeleniumLibrary">
<arg>id:txtUsername</arg>
<arg>Admin</arg>
<doc>Types the given ``text`` into the text field identified by ``locator``.</doc>
<msg timestamp="20220612 20:05:17.356" level="INFO">Typing text 'Admin' into text field 'id:txtUsername'.</msg>
<status status="PASS" starttime="20220612 20:05:17.356" endtime="20220612 20:05:17.601"/>
</kw>
<kw name="Input Text" library="SeleniumLibrary">
<arg>id:txtPassword</arg>
<arg>admin123</arg>
<doc>Types the given ``text`` into the text field identified by ``locator``.</doc>
<msg timestamp="20220612 20:05:17.604" level="INFO">Typing text 'admin123' into text field 'id:txtPassword'.</msg>
<status status="PASS" starttime="20220612 20:05:17.603" endtime="20220612 20:05:17.888"/>
</kw>
<kw name="Capture Element Screenshot" library="SeleniumLibrary">
<arg>xpath://*[@id="divLogo"]/img</arg>
<arg>LOGO.png</arg>
<doc>Captures a screenshot from the element identified by ``locator`` and embeds it into log file.</doc>
<msg timestamp="20220612 20:05:18.221" level="INFO" html="true">&lt;/td&gt;&lt;/tr&gt;&lt;tr&gt;&lt;td colspan="3"&gt;&lt;a href="LOGO.png"&gt;&lt;img src="LOGO.png" width="400px"&gt;&lt;/a&gt;</msg>
<status status="PASS" starttime="20220612 20:05:17.890" endtime="20220612 20:05:18.222"/>
</kw>
<kw name="Capture Page Screenshot" library="SeleniumLibrary">
<arg>LOGIN.png</arg>
<doc>Takes a screenshot of the current page and embeds it into a log file.</doc>
<msg timestamp="20220612 20:05:18.543" level="INFO" html="true">&lt;/td&gt;&lt;/tr&gt;&lt;tr&gt;&lt;td colspan="3"&gt;&lt;a href="LOGIN.png"&gt;&lt;img src="LOGIN.png" width="800px"&gt;&lt;/a&gt;</msg>
<status status="PASS" starttime="20220612 20:05:18.223" endtime="20220612 20:05:18.543"/>
</kw>
<status status="PASS" starttime="20220612 20:05:05.271" endtime="20220612 20:05:18.546"/>
</test>
<status status="PASS" starttime="20220612 20:05:05.258" endtime="20220612 20:05:18.550"/>
</suite>
<suite id="s1-s4" name="Closeall" source="C:\Users\doopati\PycharmProjects\automation\Testcases\closeall.robot">
<test id="s1-s4-t1" name="MyTestCase" line="5">
<kw name="Open Browser" library="SeleniumLibrary">
<arg>http://demowebshop.tricentis.com/register</arg>
<arg>chrome</arg>
<doc>Opens a new browser instance to the optional ``url``.</doc>
<msg timestamp="20220612 20:05:18.573" level="INFO">Opening browser 'chrome' to base url 'http://demowebshop.tricentis.com/register'.</msg>
<status status="PASS" starttime="20220612 20:05:18.572" endtime="20220612 20:05:28.059"/>
</kw>
<kw name="Maximize Browser Window" library="SeleniumLibrary">
<doc>Maximizes current browser window.</doc>
<status status="PASS" starttime="20220612 20:05:28.068" endtime="20220612 20:05:28.223"/>
</kw>
<kw name="Open Browser" library="SeleniumLibrary">
<arg>http://automationpractice.com/index.php</arg>
<arg>chrome</arg>
<doc>Opens a new browser instance to the optional ``url``.</doc>
<msg timestamp="20220612 20:05:28.225" level="INFO">Opening browser 'chrome' to base url 'http://automationpractice.com/index.php'.</msg>
<status status="PASS" starttime="20220612 20:05:28.224" endtime="20220612 20:05:46.373"/>
</kw>
<kw name="Maximize Browser Window" library="SeleniumLibrary">
<doc>Maximizes current browser window.</doc>
<status status="PASS" starttime="20220612 20:05:46.377" endtime="20220612 20:05:46.642"/>
</kw>
<kw name="Close All Browsers" library="SeleniumLibrary">
<doc>Closes all open browsers and resets the browser cache.</doc>
<status status="PASS" starttime="20220612 20:05:46.647" endtime="20220612 20:05:56.802"/>
</kw>
<status status="PASS" starttime="20220612 20:05:18.569" endtime="20220612 20:05:56.807"/>
</test>
<status status="PASS" starttime="20220612 20:05:18.557" endtime="20220612 20:05:56.811"/>
</suite>
<suite id="s1-s5" name="Dropdownlistbox" source="C:\Users\doopati\PycharmProjects\automation\Testcases\dropdownlistbox.robot">
<test id="s1-s5-t1" name="Testing Radio Buttons and Check Boxes" line="7">
<kw name="Open Browser" library="SeleniumLibrary">
<arg>${url}</arg>
<arg>${browser}</arg>
<doc>Opens a new browser instance to the optional ``url``.</doc>
<msg timestamp="20220612 20:05:56.840" level="INFO">Opening browser 'chrome' to base url 'https://www.techlistic.com/p/selenium-practice-form.html'.</msg>
<status status="PASS" starttime="20220612 20:05:56.839" endtime="20220612 20:06:35.646"/>
</kw>
<kw name="Maximize Browser Window" library="SeleniumLibrary">
<doc>Maximizes current browser window.</doc>
<status status="PASS" starttime="20220612 20:06:35.663" endtime="20220612 20:06:35.922"/>
</kw>
<kw name="Select From List By Label" library="SeleniumLibrary">
<arg>continents</arg>
<arg>Europe</arg>
<doc>Selects options from selection list ``locator`` by ``labels``.</doc>
<msg timestamp="20220612 20:06:35.933" level="INFO">Selecting options from selection list 'continents' by label Europe.</msg>
<status status="PASS" starttime="20220612 20:06:35.931" endtime="20220612 20:06:36.462"/>
</kw>
<kw name="Sleep" library="BuiltIn">
<arg>3</arg>
<doc>Pauses the test executed for the given time.</doc>
<msg timestamp="20220612 20:06:39.470" level="INFO">Slept 3 seconds</msg>
<status status="PASS" starttime="20220612 20:06:36.468" endtime="20220612 20:06:39.470"/>
</kw>
<kw name="Select From List By Index" library="SeleniumLibrary">
<arg>continents</arg>
<arg>4</arg>
<doc>Selects options from selection list ``locator`` by ``indexes``.</doc>
<msg timestamp="20220612 20:06:39.473" level="INFO">Selecting options from selection list 'continents' by index 4.</msg>
<msg timestamp="20220612 20:06:40.547" level="INFO" html="true">&lt;/td&gt;&lt;/tr&gt;&lt;tr&gt;&lt;td colspan="3"&gt;&lt;a href="selenium-screenshot-16.png"&gt;&lt;img src="selenium-screenshot-16.png" width="800px"&gt;&lt;/a&gt;</msg>
<msg timestamp="20220612 20:06:40.549" level="FAIL">WebDriverException: Message: target frame detached
  (Session info: chrome=102.0.5005.115)
Stacktrace:
Backtrace:
	Ordinal0 [0x00C5D953+2414931]
	Ordinal0 [0x00BEF5E1+1963489]
	Ordinal0 [0x00ADC580+836992]
	Ordinal0 [0x00ACD517+775447]
	Ordinal0 [0x00ACC565+771429]
	Ordinal0 [0x00ACCB68+772968]
	Ordinal0 [0x00ACCAF8+772856]
	Ordinal0 [0x00AD2D5A+798042]
	Ordinal0 [0x00ACDD3B+777531]
	Ordinal0 [0x00ACE265+778853]
	Ordinal0 [0x00ACE04F+778319]
	Ordinal0 [0x00ACD646+775750]
	Ordinal0 [0x00ACCEBC+773820]
	Ordinal0 [0x00ACCD59+773465]
	Ordinal0 [0x00ADDA70+842352]
	Ordinal0 [0x00B340DB+1196251]
	Ordinal0 [0x00B242B6+1131190]
	Ordinal0 [0x00AFE860+976992]
	Ordinal0 [0x00AFF756+980822]
	GetHandleVerifier [0x00ECCC62+2510274]
	GetHandleVerifier [0x00EBF760+2455744]
	GetHandleVerifier [0x00CEEABA+551962]
	GetHandleVerifier [0x00CED916+547446]
	Ordinal0 [0x00BF5F3B+1990459]
	Ordinal0 [0x00BFA898+2009240]
	Ordinal0 [0x00BFA985+2009477]
	Ordinal0 [0x00C03AD1+2046673]
	BaseThreadInitThunk [0x74D18674+36]
	RtlGetAppContainerNamedObjectPath [0x77BB5EC7+311]
	RtlGetAppContainerNamedObjectPath [0x77BB5E97+263]
</msg>
<status status="FAIL" starttime="20220612 20:06:39.472" endtime="20220612 20:06:41.103"/>
</kw>
<kw name="Select From List By Label" library="SeleniumLibrary">
<arg>selenium_commands</arg>
<arg>Navigation Commands</arg>
<doc>Selects options from selection list ``locator`` by ``labels``.</doc>
<status status="NOT RUN" starttime="20220612 20:06:41.138" endtime="20220612 20:06:41.138"/>
</kw>
<kw name="Select From List By Label" library="SeleniumLibrary">
<arg>selenium_commands</arg>
<arg>Wait Commands</arg>
<doc>Selects options from selection list ``locator`` by ``labels``.</doc>
<status status="NOT RUN" starttime="20220612 20:06:41.139" endtime="20220612 20:06:41.139"/>
</kw>
<kw name="Select From List By Label" library="SeleniumLibrary">
<arg>selenium_commands</arg>
<arg>Browser Commands</arg>
<doc>Selects options from selection list ``locator`` by ``labels``.</doc>
<status status="NOT RUN" starttime="20220612 20:06:41.140" endtime="20220612 20:06:41.140"/>
</kw>
<kw name="Unselect From List By Label" library="SeleniumLibrary">
<arg>selenium_commands</arg>
<arg>Browser Commands</arg>
<doc>Unselects options from selection list ``locator`` by ``labels``.</doc>
<status status="NOT RUN" starttime="20220612 20:06:41.141" endtime="20220612 20:06:41.141"/>
</kw>
<status status="FAIL" starttime="20220612 20:05:56.837" endtime="20220612 20:06:41.144">WebDriverException: Message: target frame detached
  (Session info: chrome=102.0.5005.115)
Stacktrace:
Backtrace:
	Ordinal0 [0x00C5D953+2414931]
	Ordinal0 [0x00BEF5E1+1963489]
	Ordinal0 [0x00ADC580+836992]
	Ordinal0 [0x00ACD517+775447]
	Ordinal0 [0x00ACC565+771429]
	Ordinal0 [0x00ACCB68+772968]
	Ordinal0 [0x00ACCAF8+772856]
	Ordinal0 [0x00AD2D5A+798042]
	Ordinal0 [0x00ACDD3B+777531]
	Ordinal0 [0x00ACE265+778853]
	Ordinal0 [0x00ACE04F+778319]
	Ordinal0 [0x00ACD646+775750]
	Ordinal0 [0x00ACCEBC+773820]
	Ordinal0 [0x00ACCD59+773465]
	Ordinal0 [0x00ADDA70+842352]
	Ordinal0 [0x00B340DB+1196251]
	Ordinal0 [0x00B242B6+1131190]
	Ordinal0 [0x00AFE860+976992]
	Ordinal0 [0x00AFF756+980822]
	GetHandleVerifier [0x00ECCC62+2510274]
	GetHandleVerifier [0x00EBF760+2455744]
	GetHandleVerifier [0x00CEEABA+551962]
	GetHandleVerifier [0x00CED916+547446]
	Ordinal0 [0x00BF5F3B+1990459]
	Ordinal0 [0x00BFA898+2009240]
	Ordinal0 [0x00BFA985+2009477]
	Ordinal0 [0x00C03AD1+2046673]
	BaseThreadInitThunk [0x74D18674+36]
	RtlGetAppContainerNamedObjectPath [0x77BB5EC7+311]
	RtlGetAppContainerNamedObjectPath [0x77BB5E97+263]
</status>
</test>
<status status="FAIL" starttime="20220612 20:05:56.819" endtime="20220612 20:06:41.173"/>
</suite>
<suite id="s1-s6" name="Forloopdemo" source="C:\Users\doopati\PycharmProjects\automation\Testcases\forloopdemo.robot">
<test id="s1-s6-t1" name="Forloop6withExit" line="26">
<kw name="Create List" library="BuiltIn">
<var>@{items}</var>
<arg>1</arg>
<arg>2</arg>
<arg>3</arg>
<arg>4</arg>
<arg>5</arg>
<doc>Returns a list containing given items.</doc>
<msg timestamp="20220612 20:06:41.232" level="INFO">@{items} = [ 1 | 2 | 3 | 4 | 5 ]</msg>
<status status="PASS" starttime="20220612 20:06:41.231" endtime="20220612 20:06:41.232"/>
</kw>
<for flavor="IN">
<var>${i}</var>
<value>@{items}</value>
<iter>
<var name="${i}">1</var>
<kw name="Log To Console" library="BuiltIn">
<arg>${i}</arg>
<doc>Logs the given message to the console.</doc>
<status status="PASS" starttime="20220612 20:06:41.272" endtime="20220612 20:06:41.290"/>
</kw>
<kw name="Exit For Loop If" library="BuiltIn">
<arg>${i}==3</arg>
<doc>Stops executing the enclosing FOR loop if the ``condition`` is true.</doc>
<status status="PASS" starttime="20220612 20:06:41.291" endtime="20220612 20:06:41.292"/>
</kw>
<status status="PASS" starttime="20220612 20:06:41.272" endtime="20220612 20:06:41.292"/>
</iter>
<iter>
<var name="${i}">2</var>
<kw name="Log To Console" library="BuiltIn">
<arg>${i}</arg>
<doc>Logs the given message to the console.</doc>
<status status="PASS" starttime="20220612 20:06:41.293" endtime="20220612 20:06:41.297"/>
</kw>
<kw name="Exit For Loop If" library="BuiltIn">
<arg>${i}==3</arg>
<doc>Stops executing the enclosing FOR loop if the ``condition`` is true.</doc>
<status status="PASS" starttime="20220612 20:06:41.297" endtime="20220612 20:06:41.301"/>
</kw>
<status status="PASS" starttime="20220612 20:06:41.292" endtime="20220612 20:06:41.301"/>
</iter>
<iter>
<var name="${i}">3</var>
<kw name="Log To Console" library="BuiltIn">
<arg>${i}</arg>
<doc>Logs the given message to the console.</doc>
<status status="PASS" starttime="20220612 20:06:41.302" endtime="20220612 20:06:41.305"/>
</kw>
<kw name="Exit For Loop If" library="BuiltIn">
<arg>${i}==3</arg>
<doc>Stops executing the enclosing FOR loop if the ``condition`` is true.</doc>
<msg timestamp="20220612 20:06:41.307" level="INFO">Exiting for loop altogether.</msg>
<status status="PASS" starttime="20220612 20:06:41.305" endtime="20220612 20:06:41.308"/>
</kw>
<status status="PASS" starttime="20220612 20:06:41.302" endtime="20220612 20:06:41.308"/>
</iter>
<status status="PASS" starttime="20220612 20:06:41.271" endtime="20220612 20:06:41.308"/>
</for>
<status status="PASS" starttime="20220612 20:06:41.193" endtime="20220612 20:06:41.320"/>
</test>
<status status="PASS" starttime="20220612 20:06:41.181" endtime="20220612 20:06:41.372"/>
</suite>
<suite id="s1-s7" name="Getallliks" source="C:\Users\doopati\PycharmProjects\automation\Testcases\getallliks.robot">
<test id="s1-s7-t1" name="Getlinks" line="5">
<kw name="Open Browser" library="SeleniumLibrary">
<arg>https://demo.guru99.com/test/newtours/</arg>
<arg>chrome</arg>
<doc>Opens a new browser instance to the optional ``url``.</doc>
<msg timestamp="20220612 20:06:41.479" level="INFO">Opening browser 'chrome' to base url 'https://demo.guru99.com/test/newtours/'.</msg>
<status status="PASS" starttime="20220612 20:06:41.476" endtime="20220612 20:07:11.770"/>
</kw>
<kw name="Maximize Browser Window" library="SeleniumLibrary">
<doc>Maximizes current browser window.</doc>
<status status="PASS" starttime="20220612 20:07:11.775" endtime="20220612 20:07:11.946"/>
</kw>
<kw name="Get Element Count" library="SeleniumLibrary">
<var>${alllinkscount}</var>
<arg>xpath://a</arg>
<doc>Returns the number of elements matching ``locator``.</doc>
<msg timestamp="20220612 20:07:11.984" level="INFO">${alllinkscount} = 53</msg>
<status status="PASS" starttime="20220612 20:07:11.948" endtime="20220612 20:07:11.984"/>
</kw>
<kw name="Log To Console" library="BuiltIn">
<arg>${alllinkscount}</arg>
<doc>Logs the given message to the console.</doc>
<status status="PASS" starttime="20220612 20:07:11.986" endtime="20220612 20:07:11.987"/>
</kw>
<kw name="Create List" library="BuiltIn">
<var>@{LinkItems}</var>
<doc>Returns a list containing given items.</doc>
<msg timestamp="20220612 20:07:11.989" level="INFO">@{LinkItems} = [ ]</msg>
<status status="PASS" starttime="20220612 20:07:11.988" endtime="20220612 20:07:11.989"/>
</kw>
<for flavor="IN RANGE">
<var>${i}</var>
<value>1</value>
<value>${alllinkscount}+1</value>
<iter>
<var name="${i}">1</var>
<kw name="Get Text" library="SeleniumLibrary">
<var>${LINKTEXT}</var>
<arg>xpath:(//a)[${i}]</arg>
<doc>Returns the text value of the element identified by ``locator``.</doc>
<msg timestamp="20220612 20:07:12.071" level="INFO">${LINKTEXT} = </msg>
<status status="PASS" starttime="20220612 20:07:11.991" endtime="20220612 20:07:12.071"/>
</kw>
<kw name="Log To Console" library="BuiltIn">
<arg>${LINKTEXT}</arg>
<doc>Logs the given message to the console.</doc>
<status status="PASS" starttime="20220612 20:07:12.071" endtime="20220612 20:07:12.072"/>
</kw>
<status status="PASS" starttime="20220612 20:07:11.991" endtime="20220612 20:07:12.072"/>
</iter>
<iter>
<var name="${i}">2</var>
<kw name="Get Text" library="SeleniumLibrary">
<var>${LINKTEXT}</var>
<arg>xpath:(//a)[${i}]</arg>
<doc>Returns the text value of the element identified by ``locator``.</doc>
<msg timestamp="20220612 20:07:12.135" level="INFO">${LINKTEXT} = Demo Site</msg>
<status status="PASS" starttime="20220612 20:07:12.073" endtime="20220612 20:07:12.136"/>
</kw>
<kw name="Log To Console" library="BuiltIn">
<arg>${LINKTEXT}</arg>
<doc>Logs the given message to the console.</doc>
<status status="PASS" starttime="20220612 20:07:12.136" endtime="20220612 20:07:12.137"/>
</kw>
<status status="PASS" starttime="20220612 20:07:12.073" endtime="20220612 20:07:12.137"/>
</iter>
<iter>
<var name="${i}">3</var>
<kw name="Get Text" library="SeleniumLibrary">
<var>${LINKTEXT}</var>
<arg>xpath:(//a)[${i}]</arg>
<doc>Returns the text value of the element identified by ``locator``.</doc>
<msg timestamp="20220612 20:07:12.203" level="INFO">${LINKTEXT} = Selenium</msg>
<status status="PASS" starttime="20220612 20:07:12.138" endtime="20220612 20:07:12.203"/>
</kw>
<kw name="Log To Console" library="BuiltIn">
<arg>${LINKTEXT}</arg>
<doc>Logs the given message to the console.</doc>
<status status="PASS" starttime="20220612 20:07:12.204" endtime="20220612 20:07:12.205"/>
</kw>
<status status="PASS" starttime="20220612 20:07:12.138" endtime="20220612 20:07:12.205"/>
</iter>
<iter>
<var name="${i}">4</var>
<kw name="Get Text" library="SeleniumLibrary">
<var>${LINKTEXT}</var>
<arg>xpath:(//a)[${i}]</arg>
<doc>Returns the text value of the element identified by ``locator``.</doc>
<msg timestamp="20220612 20:07:12.263" level="INFO">${LINKTEXT} = </msg>
<status status="PASS" starttime="20220612 20:07:12.206" endtime="20220612 20:07:12.263"/>
</kw>
<kw name="Log To Console" library="BuiltIn">
<arg>${LINKTEXT}</arg>
<doc>Logs the given message to the console.</doc>
<status status="PASS" starttime="20220612 20:07:12.263" endtime="20220612 20:07:12.265"/>
</kw>
<status status="PASS" starttime="20220612 20:07:12.206" endtime="20220612 20:07:12.265"/>
</iter>
<iter>
<var name="${i}">5</var>
<kw name="Get Text" library="SeleniumLibrary">
<var>${LINKTEXT}</var>
<arg>xpath:(//a)[${i}]</arg>
<doc>Returns the text value of the element identified by ``locator``.</doc>
<msg timestamp="20220612 20:07:12.322" level="INFO">${LINKTEXT} = </msg>
<status status="PASS" starttime="20220612 20:07:12.265" endtime="20220612 20:07:12.323"/>
</kw>
<kw name="Log To Console" library="BuiltIn">
<arg>${LINKTEXT}</arg>
<doc>Logs the given message to the console.</doc>
<status status="PASS" starttime="20220612 20:07:12.323" endtime="20220612 20:07:12.324"/>
</kw>
<status status="PASS" starttime="20220612 20:07:12.265" endtime="20220612 20:07:12.324"/>
</iter>
<iter>
<var name="${i}">6</var>
<kw name="Get Text" library="SeleniumLibrary">
<var>${LINKTEXT}</var>
<arg>xpath:(//a)[${i}]</arg>
<doc>Returns the text value of the element identified by ``locator``.</doc>
<msg timestamp="20220612 20:07:12.386" level="INFO">${LINKTEXT} = </msg>
<status status="PASS" starttime="20220612 20:07:12.325" endtime="20220612 20:07:12.386"/>
</kw>
<kw name="Log To Console" library="BuiltIn">
<arg>${LINKTEXT}</arg>
<doc>Logs the given message to the console.</doc>
<status status="PASS" starttime="20220612 20:07:12.386" endtime="20220612 20:07:12.387"/>
</kw>
<status status="PASS" starttime="20220612 20:07:12.325" endtime="20220612 20:07:12.387"/>
</iter>
<iter>
<var name="${i}">7</var>
<kw name="Get Text" library="SeleniumLibrary">
<var>${LINKTEXT}</var>
<arg>xpath:(//a)[${i}]</arg>
<doc>Returns the text value of the element identified by ``locator``.</doc>
<msg timestamp="20220612 20:07:12.447" level="INFO">${LINKTEXT} = </msg>
<status status="PASS" starttime="20220612 20:07:12.388" endtime="20220612 20:07:12.447"/>
</kw>
<kw name="Log To Console" library="BuiltIn">
<arg>${LINKTEXT}</arg>
<doc>Logs the given message to the console.</doc>
<status status="PASS" starttime="20220612 20:07:12.447" endtime="20220612 20:07:12.448"/>
</kw>
<status status="PASS" starttime="20220612 20:07:12.388" endtime="20220612 20:07:12.448"/>
</iter>
<iter>
<var name="${i}">8</var>
<kw name="Get Text" library="SeleniumLibrary">
<var>${LINKTEXT}</var>
<arg>xpath:(//a)[${i}]</arg>
<doc>Returns the text value of the element identified by ``locator``.</doc>
<msg timestamp="20220612 20:07:12.495" level="INFO">${LINKTEXT} = </msg>
<status status="PASS" starttime="20220612 20:07:12.449" endtime="20220612 20:07:12.495"/>
</kw>
<kw name="Log To Console" library="BuiltIn">
<arg>${LINKTEXT}</arg>
<doc>Logs the given message to the console.</doc>
<status status="PASS" starttime="20220612 20:07:12.495" endtime="20220612 20:07:12.496"/>
</kw>
<status status="PASS" starttime="20220612 20:07:12.448" endtime="20220612 20:07:12.496"/>
</iter>
<iter>
<var name="${i}">9</var>
<kw name="Get Text" library="SeleniumLibrary">
<var>${LINKTEXT}</var>
<arg>xpath:(//a)[${i}]</arg>
<doc>Returns the text value of the element identified by ``locator``.</doc>
<msg timestamp="20220612 20:07:12.548" level="INFO">${LINKTEXT} = </msg>
<status status="PASS" starttime="20220612 20:07:12.497" endtime="20220612 20:07:12.548"/>
</kw>
<kw name="Log To Console" library="BuiltIn">
<arg>${LINKTEXT}</arg>
<doc>Logs the given message to the console.</doc>
<status status="PASS" starttime="20220612 20:07:12.549" endtime="20220612 20:07:12.550"/>
</kw>
<status status="PASS" starttime="20220612 20:07:12.497" endtime="20220612 20:07:12.550"/>
</iter>
<iter>
<var name="${i}">10</var>
<kw name="Get Text" library="SeleniumLibrary">
<var>${LINKTEXT}</var>
<arg>xpath:(//a)[${i}]</arg>
<doc>Returns the text value of the element identified by ``locator``.</doc>
<msg timestamp="20220612 20:07:12.606" level="INFO">${LINKTEXT} = </msg>
<status status="PASS" starttime="20220612 20:07:12.550" endtime="20220612 20:07:12.606"/>
</kw>
<kw name="Log To Console" library="BuiltIn">
<arg>${LINKTEXT}</arg>
<doc>Logs the given message to the console.</doc>
<status status="PASS" starttime="20220612 20:07:12.606" endtime="20220612 20:07:12.608"/>
</kw>
<status status="PASS" starttime="20220612 20:07:12.550" endtime="20220612 20:07:12.608"/>
</iter>
<iter>
<var name="${i}">11</var>
<kw name="Get Text" library="SeleniumLibrary">
<var>${LINKTEXT}</var>
<arg>xpath:(//a)[${i}]</arg>
<doc>Returns the text value of the element identified by ``locator``.</doc>
<msg timestamp="20220612 20:07:12.942" level="INFO">${LINKTEXT} = </msg>
<status status="PASS" starttime="20220612 20:07:12.609" endtime="20220612 20:07:12.942"/>
</kw>
<kw name="Log To Console" library="BuiltIn">
<arg>${LINKTEXT}</arg>
<doc>Logs the given message to the console.</doc>
<status status="PASS" starttime="20220612 20:07:12.942" endtime="20220612 20:07:12.943"/>
</kw>
<status status="PASS" starttime="20220612 20:07:12.608" endtime="20220612 20:07:12.943"/>
</iter>
<iter>
<var name="${i}">12</var>
<kw name="Get Text" library="SeleniumLibrary">
<var>${LINKTEXT}</var>
<arg>xpath:(//a)[${i}]</arg>
<doc>Returns the text value of the element identified by ``locator``.</doc>
<msg timestamp="20220612 20:07:13.004" level="INFO">${LINKTEXT} = </msg>
<status status="PASS" starttime="20220612 20:07:12.944" endtime="20220612 20:07:13.004"/>
</kw>
<kw name="Log To Console" library="BuiltIn">
<arg>${LINKTEXT}</arg>
<doc>Logs the given message to the console.</doc>
<status status="PASS" starttime="20220612 20:07:13.005" endtime="20220612 20:07:13.006"/>
</kw>
<status status="PASS" starttime="20220612 20:07:12.943" endtime="20220612 20:07:13.006"/>
</iter>
<iter>
<var name="${i}">13</var>
<kw name="Get Text" library="SeleniumLibrary">
<var>${LINKTEXT}</var>
<arg>xpath:(//a)[${i}]</arg>
<doc>Returns the text value of the element identified by ``locator``.</doc>
<msg timestamp="20220612 20:07:13.087" level="INFO">${LINKTEXT} = </msg>
<status status="PASS" starttime="20220612 20:07:13.006" endtime="20220612 20:07:13.087"/>
</kw>
<kw name="Log To Console" library="BuiltIn">
<arg>${LINKTEXT}</arg>
<doc>Logs the given message to the console.</doc>
<status status="PASS" starttime="20220612 20:07:13.087" endtime="20220612 20:07:13.088"/>
</kw>
<status status="PASS" starttime="20220612 20:07:13.006" endtime="20220612 20:07:13.089"/>
</iter>
<iter>
<var name="${i}">14</var>
<kw name="Get Text" library="SeleniumLibrary">
<var>${LINKTEXT}</var>
<arg>xpath:(//a)[${i}]</arg>
<doc>Returns the text value of the element identified by ``locator``.</doc>
<msg timestamp="20220612 20:07:13.149" level="INFO">${LINKTEXT} = </msg>
<status status="PASS" starttime="20220612 20:07:13.089" endtime="20220612 20:07:13.149"/>
</kw>
<kw name="Log To Console" library="BuiltIn">
<arg>${LINKTEXT}</arg>
<doc>Logs the given message to the console.</doc>
<status status="PASS" starttime="20220612 20:07:13.150" endtime="20220612 20:07:13.151"/>
</kw>
<status status="PASS" starttime="20220612 20:07:13.089" endtime="20220612 20:07:13.151"/>
</iter>
<iter>
<var name="${i}">15</var>
<kw name="Get Text" library="SeleniumLibrary">
<var>${LINKTEXT}</var>
<arg>xpath:(//a)[${i}]</arg>
<doc>Returns the text value of the element identified by ``locator``.</doc>
<msg timestamp="20220612 20:07:13.214" level="INFO">${LINKTEXT} = </msg>
<status status="PASS" starttime="20220612 20:07:13.152" endtime="20220612 20:07:13.214"/>
</kw>
<kw name="Log To Console" library="BuiltIn">
<arg>${LINKTEXT}</arg>
<doc>Logs the given message to the console.</doc>
<status status="PASS" starttime="20220612 20:07:13.214" endtime="20220612 20:07:13.216"/>
</kw>
<status status="PASS" starttime="20220612 20:07:13.152" endtime="20220612 20:07:13.216"/>
</iter>
<iter>
<var name="${i}">16</var>
<kw name="Get Text" library="SeleniumLibrary">
<var>${LINKTEXT}</var>
<arg>xpath:(//a)[${i}]</arg>
<doc>Returns the text value of the element identified by ``locator``.</doc>
<msg timestamp="20220612 20:07:13.283" level="INFO">${LINKTEXT} = </msg>
<status status="PASS" starttime="20220612 20:07:13.217" endtime="20220612 20:07:13.283"/>
</kw>
<kw name="Log To Console" library="BuiltIn">
<arg>${LINKTEXT}</arg>
<doc>Logs the given message to the console.</doc>
<status status="PASS" starttime="20220612 20:07:13.283" endtime="20220612 20:07:13.285"/>
</kw>
<status status="PASS" starttime="20220612 20:07:13.216" endtime="20220612 20:07:13.285"/>
</iter>
<iter>
<var name="${i}">17</var>
<kw name="Get Text" library="SeleniumLibrary">
<var>${LINKTEXT}</var>
<arg>xpath:(//a)[${i}]</arg>
<doc>Returns the text value of the element identified by ``locator``.</doc>
<msg timestamp="20220612 20:07:13.382" level="INFO">${LINKTEXT} = </msg>
<status status="PASS" starttime="20220612 20:07:13.286" endtime="20220612 20:07:13.382"/>
</kw>
<kw name="Log To Console" library="BuiltIn">
<arg>${LINKTEXT}</arg>
<doc>Logs the given message to the console.</doc>
<status status="PASS" starttime="20220612 20:07:13.382" endtime="20220612 20:07:13.385"/>
</kw>
<status status="PASS" starttime="20220612 20:07:13.286" endtime="20220612 20:07:13.385"/>
</iter>
<iter>
<var name="${i}">18</var>
<kw name="Get Text" library="SeleniumLibrary">
<var>${LINKTEXT}</var>
<arg>xpath:(//a)[${i}]</arg>
<doc>Returns the text value of the element identified by ``locator``.</doc>
<msg timestamp="20220612 20:07:13.515" level="INFO">${LINKTEXT} = </msg>
<status status="PASS" starttime="20220612 20:07:13.386" endtime="20220612 20:07:13.515"/>
</kw>
<kw name="Log To Console" library="BuiltIn">
<arg>${LINKTEXT}</arg>
<doc>Logs the given message to the console.</doc>
<status status="PASS" starttime="20220612 20:07:13.516" endtime="20220612 20:07:13.542"/>
</kw>
<status status="PASS" starttime="20220612 20:07:13.386" endtime="20220612 20:07:13.542"/>
</iter>
<iter>
<var name="${i}">19</var>
<kw name="Get Text" library="SeleniumLibrary">
<var>${LINKTEXT}</var>
<arg>xpath:(//a)[${i}]</arg>
<doc>Returns the text value of the element identified by ``locator``.</doc>
<msg timestamp="20220612 20:07:13.629" level="INFO">${LINKTEXT} = </msg>
<status status="PASS" starttime="20220612 20:07:13.543" endtime="20220612 20:07:13.629"/>
</kw>
<kw name="Log To Console" library="BuiltIn">
<arg>${LINKTEXT}</arg>
<doc>Logs the given message to the console.</doc>
<status status="PASS" starttime="20220612 20:07:13.630" endtime="20220612 20:07:13.632"/>
</kw>
<status status="PASS" starttime="20220612 20:07:13.542" endtime="20220612 20:07:13.632"/>
</iter>
<iter>
<var name="${i}">20</var>
<kw name="Get Text" library="SeleniumLibrary">
<var>${LINKTEXT}</var>
<arg>xpath:(//a)[${i}]</arg>
<doc>Returns the text value of the element identified by ``locator``.</doc>
<msg timestamp="20220612 20:07:13.696" level="INFO">${LINKTEXT} = </msg>
<status status="PASS" starttime="20220612 20:07:13.633" endtime="20220612 20:07:13.696"/>
</kw>
<kw name="Log To Console" library="BuiltIn">
<arg>${LINKTEXT}</arg>
<doc>Logs the given message to the console.</doc>
<status status="PASS" starttime="20220612 20:07:13.697" endtime="20220612 20:07:13.701"/>
</kw>
<status status="PASS" starttime="20220612 20:07:13.632" endtime="20220612 20:07:13.701"/>
</iter>
<iter>
<var name="${i}">21</var>
<kw name="Get Text" library="SeleniumLibrary">
<var>${LINKTEXT}</var>
<arg>xpath:(//a)[${i}]</arg>
<doc>Returns the text value of the element identified by ``locator``.</doc>
<msg timestamp="20220612 20:07:13.776" level="INFO">${LINKTEXT} = </msg>
<status status="PASS" starttime="20220612 20:07:13.702" endtime="20220612 20:07:13.776"/>
</kw>
<kw name="Log To Console" library="BuiltIn">
<arg>${LINKTEXT}</arg>
<doc>Logs the given message to the console.</doc>
<status status="PASS" starttime="20220612 20:07:13.776" endtime="20220612 20:07:13.778"/>
</kw>
<status status="PASS" starttime="20220612 20:07:13.701" endtime="20220612 20:07:13.778"/>
</iter>
<iter>
<var name="${i}">22</var>
<kw name="Get Text" library="SeleniumLibrary">
<var>${LINKTEXT}</var>
<arg>xpath:(//a)[${i}]</arg>
<doc>Returns the text value of the element identified by ``locator``.</doc>
<msg timestamp="20220612 20:07:13.845" level="INFO">${LINKTEXT} = </msg>
<status status="PASS" starttime="20220612 20:07:13.779" endtime="20220612 20:07:13.845"/>
</kw>
<kw name="Log To Console" library="BuiltIn">
<arg>${LINKTEXT}</arg>
<doc>Logs the given message to the console.</doc>
<status status="PASS" starttime="20220612 20:07:13.845" endtime="20220612 20:07:13.847"/>
</kw>
<status status="PASS" starttime="20220612 20:07:13.779" endtime="20220612 20:07:13.847"/>
</iter>
<iter>
<var name="${i}">23</var>
<kw name="Get Text" library="SeleniumLibrary">
<var>${LINKTEXT}</var>
<arg>xpath:(//a)[${i}]</arg>
<doc>Returns the text value of the element identified by ``locator``.</doc>
<msg timestamp="20220612 20:07:13.913" level="INFO">${LINKTEXT} = </msg>
<status status="PASS" starttime="20220612 20:07:13.848" endtime="20220612 20:07:13.913"/>
</kw>
<kw name="Log To Console" library="BuiltIn">
<arg>${LINKTEXT}</arg>
<doc>Logs the given message to the console.</doc>
<status status="PASS" starttime="20220612 20:07:13.914" endtime="20220612 20:07:13.915"/>
</kw>
<status status="PASS" starttime="20220612 20:07:13.848" endtime="20220612 20:07:13.916"/>
</iter>
<iter>
<var name="${i}">24</var>
<kw name="Get Text" library="SeleniumLibrary">
<var>${LINKTEXT}</var>
<arg>xpath:(//a)[${i}]</arg>
<doc>Returns the text value of the element identified by ``locator``.</doc>
<msg timestamp="20220612 20:07:13.990" level="INFO">${LINKTEXT} = Insurance Project</msg>
<status status="PASS" starttime="20220612 20:07:13.917" endtime="20220612 20:07:13.990"/>
</kw>
<kw name="Log To Console" library="BuiltIn">
<arg>${LINKTEXT}</arg>
<doc>Logs the given message to the console.</doc>
<status status="PASS" starttime="20220612 20:07:13.990" endtime="20220612 20:07:13.992"/>
</kw>
<status status="PASS" starttime="20220612 20:07:13.916" endtime="20220612 20:07:13.992"/>
</iter>
<iter>
<var name="${i}">25</var>
<kw name="Get Text" library="SeleniumLibrary">
<var>${LINKTEXT}</var>
<arg>xpath:(//a)[${i}]</arg>
<doc>Returns the text value of the element identified by ``locator``.</doc>
<msg timestamp="20220612 20:07:14.063" level="INFO">${LINKTEXT} = Agile Project</msg>
<status status="PASS" starttime="20220612 20:07:13.993" endtime="20220612 20:07:14.063"/>
</kw>
<kw name="Log To Console" library="BuiltIn">
<arg>${LINKTEXT}</arg>
<doc>Logs the given message to the console.</doc>
<status status="PASS" starttime="20220612 20:07:14.063" endtime="20220612 20:07:14.064"/>
</kw>
<status status="PASS" starttime="20220612 20:07:13.993" endtime="20220612 20:07:14.065"/>
</iter>
<iter>
<var name="${i}">26</var>
<kw name="Get Text" library="SeleniumLibrary">
<var>${LINKTEXT}</var>
<arg>xpath:(//a)[${i}]</arg>
<doc>Returns the text value of the element identified by ``locator``.</doc>
<msg timestamp="20220612 20:07:14.137" level="INFO">${LINKTEXT} = Bank Project</msg>
<status status="PASS" starttime="20220612 20:07:14.065" endtime="20220612 20:07:14.137"/>
</kw>
<kw name="Log To Console" library="BuiltIn">
<arg>${LINKTEXT}</arg>
<doc>Logs the given message to the console.</doc>
<status status="PASS" starttime="20220612 20:07:14.137" endtime="20220612 20:07:14.139"/>
</kw>
<status status="PASS" starttime="20220612 20:07:14.065" endtime="20220612 20:07:14.139"/>
</iter>
<iter>
<var name="${i}">27</var>
<kw name="Get Text" library="SeleniumLibrary">
<var>${LINKTEXT}</var>
<arg>xpath:(//a)[${i}]</arg>
<doc>Returns the text value of the element identified by ``locator``.</doc>
<msg timestamp="20220612 20:07:14.209" level="INFO">${LINKTEXT} = Security Project</msg>
<status status="PASS" starttime="20220612 20:07:14.140" endtime="20220612 20:07:14.209"/>
</kw>
<kw name="Log To Console" library="BuiltIn">
<arg>${LINKTEXT}</arg>
<doc>Logs the given message to the console.</doc>
<status status="PASS" starttime="20220612 20:07:14.209" endtime="20220612 20:07:14.211"/>
</kw>
<status status="PASS" starttime="20220612 20:07:14.139" endtime="20220612 20:07:14.212"/>
</iter>
<iter>
<var name="${i}">28</var>
<kw name="Get Text" library="SeleniumLibrary">
<var>${LINKTEXT}</var>
<arg>xpath:(//a)[${i}]</arg>
<doc>Returns the text value of the element identified by ``locator``.</doc>
<msg timestamp="20220612 20:07:14.284" level="INFO">${LINKTEXT} = Telecom Project</msg>
<status status="PASS" starttime="20220612 20:07:14.212" endtime="20220612 20:07:14.284"/>
</kw>
<kw name="Log To Console" library="BuiltIn">
<arg>${LINKTEXT}</arg>
<doc>Logs the given message to the console.</doc>
<status status="PASS" starttime="20220612 20:07:14.285" endtime="20220612 20:07:14.286"/>
</kw>
<status status="PASS" starttime="20220612 20:07:14.212" endtime="20220612 20:07:14.286"/>
</iter>
<iter>
<var name="${i}">29</var>
<kw name="Get Text" library="SeleniumLibrary">
<var>${LINKTEXT}</var>
<arg>xpath:(//a)[${i}]</arg>
<doc>Returns the text value of the element identified by ``locator``.</doc>
<msg timestamp="20220612 20:07:14.355" level="INFO">${LINKTEXT} = Payment Gateway Project</msg>
<status status="PASS" starttime="20220612 20:07:14.287" endtime="20220612 20:07:14.355"/>
</kw>
<kw name="Log To Console" library="BuiltIn">
<arg>${LINKTEXT}</arg>
<doc>Logs the given message to the console.</doc>
<status status="PASS" starttime="20220612 20:07:14.355" endtime="20220612 20:07:14.357"/>
</kw>
<status status="PASS" starttime="20220612 20:07:14.286" endtime="20220612 20:07:14.357"/>
</iter>
<iter>
<var name="${i}">30</var>
<kw name="Get Text" library="SeleniumLibrary">
<var>${LINKTEXT}</var>
<arg>xpath:(//a)[${i}]</arg>
<doc>Returns the text value of the element identified by ``locator``.</doc>
<msg timestamp="20220612 20:07:14.434" level="INFO">${LINKTEXT} = New Tours</msg>
<status status="PASS" starttime="20220612 20:07:14.358" endtime="20220612 20:07:14.434"/>
</kw>
<kw name="Log To Console" library="BuiltIn">
<arg>${LINKTEXT}</arg>
<doc>Logs the given message to the console.</doc>
<status status="PASS" starttime="20220612 20:07:14.435" endtime="20220612 20:07:14.437"/>
</kw>
<status status="PASS" starttime="20220612 20:07:14.358" endtime="20220612 20:07:14.437"/>
</iter>
<iter>
<var name="${i}">31</var>
<kw name="Get Text" library="SeleniumLibrary">
<var>${LINKTEXT}</var>
<arg>xpath:(//a)[${i}]</arg>
<doc>Returns the text value of the element identified by ``locator``.</doc>
<msg timestamp="20220612 20:07:14.505" level="INFO">${LINKTEXT} = SEO</msg>
<status status="PASS" starttime="20220612 20:07:14.438" endtime="20220612 20:07:14.505"/>
</kw>
<kw name="Log To Console" library="BuiltIn">
<arg>${LINKTEXT}</arg>
<doc>Logs the given message to the console.</doc>
<status status="PASS" starttime="20220612 20:07:14.506" endtime="20220612 20:07:14.507"/>
</kw>
<status status="PASS" starttime="20220612 20:07:14.437" endtime="20220612 20:07:14.507"/>
</iter>
<iter>
<var name="${i}">32</var>
<kw name="Get Text" library="SeleniumLibrary">
<var>${LINKTEXT}</var>
<arg>xpath:(//a)[${i}]</arg>
<doc>Returns the text value of the element identified by ``locator``.</doc>
<msg timestamp="20220612 20:07:14.571" level="INFO">${LINKTEXT} = </msg>
<status status="PASS" starttime="20220612 20:07:14.508" endtime="20220612 20:07:14.571"/>
</kw>
<kw name="Log To Console" library="BuiltIn">
<arg>${LINKTEXT}</arg>
<doc>Logs the given message to the console.</doc>
<status status="PASS" starttime="20220612 20:07:14.571" endtime="20220612 20:07:14.573"/>
</kw>
<status status="PASS" starttime="20220612 20:07:14.507" endtime="20220612 20:07:14.573"/>
</iter>
<iter>
<var name="${i}">33</var>
<kw name="Get Text" library="SeleniumLibrary">
<var>${LINKTEXT}</var>
<arg>xpath:(//a)[${i}]</arg>
<doc>Returns the text value of the element identified by ``locator``.</doc>
<msg timestamp="20220612 20:07:14.639" level="INFO">${LINKTEXT} = </msg>
<status status="PASS" starttime="20220612 20:07:14.574" endtime="20220612 20:07:14.639"/>
</kw>
<kw name="Log To Console" library="BuiltIn">
<arg>${LINKTEXT}</arg>
<doc>Logs the given message to the console.</doc>
<status status="PASS" starttime="20220612 20:07:14.640" endtime="20220612 20:07:14.641"/>
</kw>
<status status="PASS" starttime="20220612 20:07:14.574" endtime="20220612 20:07:14.641"/>
</iter>
<iter>
<var name="${i}">34</var>
<kw name="Get Text" library="SeleniumLibrary">
<var>${LINKTEXT}</var>
<arg>xpath:(//a)[${i}]</arg>
<doc>Returns the text value of the element identified by ``locator``.</doc>
<msg timestamp="20220612 20:07:14.704" level="INFO">${LINKTEXT} = </msg>
<status status="PASS" starttime="20220612 20:07:14.642" endtime="20220612 20:07:14.704"/>
</kw>
<kw name="Log To Console" library="BuiltIn">
<arg>${LINKTEXT}</arg>
<doc>Logs the given message to the console.</doc>
<status status="PASS" starttime="20220612 20:07:14.705" endtime="20220612 20:07:14.706"/>
</kw>
<status status="PASS" starttime="20220612 20:07:14.642" endtime="20220612 20:07:14.706"/>
</iter>
<iter>
<var name="${i}">35</var>
<kw name="Get Text" library="SeleniumLibrary">
<var>${LINKTEXT}</var>
<arg>xpath:(//a)[${i}]</arg>
<doc>Returns the text value of the element identified by ``locator``.</doc>
<msg timestamp="20220612 20:07:14.772" level="INFO">${LINKTEXT} = </msg>
<status status="PASS" starttime="20220612 20:07:14.707" endtime="20220612 20:07:14.772"/>
</kw>
<kw name="Log To Console" library="BuiltIn">
<arg>${LINKTEXT}</arg>
<doc>Logs the given message to the console.</doc>
<status status="PASS" starttime="20220612 20:07:14.773" endtime="20220612 20:07:14.774"/>
</kw>
<status status="PASS" starttime="20220612 20:07:14.707" endtime="20220612 20:07:14.774"/>
</iter>
<iter>
<var name="${i}">36</var>
<kw name="Get Text" library="SeleniumLibrary">
<var>${LINKTEXT}</var>
<arg>xpath:(//a)[${i}]</arg>
<doc>Returns the text value of the element identified by ``locator``.</doc>
<msg timestamp="20220612 20:07:14.840" level="INFO">${LINKTEXT} = </msg>
<status status="PASS" starttime="20220612 20:07:14.775" endtime="20220612 20:07:14.840"/>
</kw>
<kw name="Log To Console" library="BuiltIn">
<arg>${LINKTEXT}</arg>
<doc>Logs the given message to the console.</doc>
<status status="PASS" starttime="20220612 20:07:14.840" endtime="20220612 20:07:14.842"/>
</kw>
<status status="PASS" starttime="20220612 20:07:14.774" endtime="20220612 20:07:14.842"/>
</iter>
<iter>
<var name="${i}">37</var>
<kw name="Get Text" library="SeleniumLibrary">
<var>${LINKTEXT}</var>
<arg>xpath:(//a)[${i}]</arg>
<doc>Returns the text value of the element identified by ``locator``.</doc>
<msg timestamp="20220612 20:07:14.906" level="INFO">${LINKTEXT} = </msg>
<status status="PASS" starttime="20220612 20:07:14.843" endtime="20220612 20:07:14.907"/>
</kw>
<kw name="Log To Console" library="BuiltIn">
<arg>${LINKTEXT}</arg>
<doc>Logs the given message to the console.</doc>
<status status="PASS" starttime="20220612 20:07:14.907" endtime="20220612 20:07:14.909"/>
</kw>
<status status="PASS" starttime="20220612 20:07:14.842" endtime="20220612 20:07:14.909"/>
</iter>
<iter>
<var name="${i}">38</var>
<kw name="Get Text" library="SeleniumLibrary">
<var>${LINKTEXT}</var>
<arg>xpath:(//a)[${i}]</arg>
<doc>Returns the text value of the element identified by ``locator``.</doc>
<msg timestamp="20220612 20:07:14.998" level="INFO">${LINKTEXT} = Home</msg>
<status status="PASS" starttime="20220612 20:07:14.910" endtime="20220612 20:07:14.998"/>
</kw>
<kw name="Log To Console" library="BuiltIn">
<arg>${LINKTEXT}</arg>
<doc>Logs the given message to the console.</doc>
<status status="PASS" starttime="20220612 20:07:14.999" endtime="20220612 20:07:15.000"/>
</kw>
<status status="PASS" starttime="20220612 20:07:14.909" endtime="20220612 20:07:15.000"/>
</iter>
<iter>
<var name="${i}">39</var>
<kw name="Get Text" library="SeleniumLibrary">
<var>${LINKTEXT}</var>
<arg>xpath:(//a)[${i}]</arg>
<doc>Returns the text value of the element identified by ``locator``.</doc>
<msg timestamp="20220612 20:07:15.080" level="INFO">${LINKTEXT} = Flights</msg>
<status status="PASS" starttime="20220612 20:07:15.001" endtime="20220612 20:07:15.080"/>
</kw>
<kw name="Log To Console" library="BuiltIn">
<arg>${LINKTEXT}</arg>
<doc>Logs the given message to the console.</doc>
<status status="PASS" starttime="20220612 20:07:15.080" endtime="20220612 20:07:15.082"/>
</kw>
<status status="PASS" starttime="20220612 20:07:15.000" endtime="20220612 20:07:15.082"/>
</iter>
<iter>
<var name="${i}">40</var>
<kw name="Get Text" library="SeleniumLibrary">
<var>${LINKTEXT}</var>
<arg>xpath:(//a)[${i}]</arg>
<doc>Returns the text value of the element identified by ``locator``.</doc>
<msg timestamp="20220612 20:07:15.154" level="INFO">${LINKTEXT} = Hotels</msg>
<status status="PASS" starttime="20220612 20:07:15.082" endtime="20220612 20:07:15.154"/>
</kw>
<kw name="Log To Console" library="BuiltIn">
<arg>${LINKTEXT}</arg>
<doc>Logs the given message to the console.</doc>
<status status="PASS" starttime="20220612 20:07:15.154" endtime="20220612 20:07:15.156"/>
</kw>
<status status="PASS" starttime="20220612 20:07:15.082" endtime="20220612 20:07:15.157"/>
</iter>
<iter>
<var name="${i}">41</var>
<kw name="Get Text" library="SeleniumLibrary">
<var>${LINKTEXT}</var>
<arg>xpath:(//a)[${i}]</arg>
<doc>Returns the text value of the element identified by ``locator``.</doc>
<msg timestamp="20220612 20:07:15.230" level="INFO">${LINKTEXT} = Car Rentals</msg>
<status status="PASS" starttime="20220612 20:07:15.157" endtime="20220612 20:07:15.230"/>
</kw>
<kw name="Log To Console" library="BuiltIn">
<arg>${LINKTEXT}</arg>
<doc>Logs the given message to the console.</doc>
<status status="PASS" starttime="20220612 20:07:15.230" endtime="20220612 20:07:15.232"/>
</kw>
<status status="PASS" starttime="20220612 20:07:15.157" endtime="20220612 20:07:15.232"/>
</iter>
<iter>
<var name="${i}">42</var>
<kw name="Get Text" library="SeleniumLibrary">
<var>${LINKTEXT}</var>
<arg>xpath:(//a)[${i}]</arg>
<doc>Returns the text value of the element identified by ``locator``.</doc>
<msg timestamp="20220612 20:07:15.394" level="INFO">${LINKTEXT} = Cruises</msg>
<status status="PASS" starttime="20220612 20:07:15.233" endtime="20220612 20:07:15.395"/>
</kw>
<kw name="Log To Console" library="BuiltIn">
<arg>${LINKTEXT}</arg>
<doc>Logs the given message to the console.</doc>
<status status="PASS" starttime="20220612 20:07:15.395" endtime="20220612 20:07:15.397"/>
</kw>
<status status="PASS" starttime="20220612 20:07:15.233" endtime="20220612 20:07:15.397"/>
</iter>
<iter>
<var name="${i}">43</var>
<kw name="Get Text" library="SeleniumLibrary">
<var>${LINKTEXT}</var>
<arg>xpath:(//a)[${i}]</arg>
<doc>Returns the text value of the element identified by ``locator``.</doc>
<msg timestamp="20220612 20:07:15.488" level="INFO">${LINKTEXT} = Destinations</msg>
<status status="PASS" starttime="20220612 20:07:15.398" endtime="20220612 20:07:15.488"/>
</kw>
<kw name="Log To Console" library="BuiltIn">
<arg>${LINKTEXT}</arg>
<doc>Logs the given message to the console.</doc>
<status status="PASS" starttime="20220612 20:07:15.488" endtime="20220612 20:07:15.491"/>
</kw>
<status status="PASS" starttime="20220612 20:07:15.398" endtime="20220612 20:07:15.491"/>
</iter>
<iter>
<var name="${i}">44</var>
<kw name="Get Text" library="SeleniumLibrary">
<var>${LINKTEXT}</var>
<arg>xpath:(//a)[${i}]</arg>
<doc>Returns the text value of the element identified by ``locator``.</doc>
<msg timestamp="20220612 20:07:15.597" level="INFO">${LINKTEXT} = Vacations</msg>
<status status="PASS" starttime="20220612 20:07:15.492" endtime="20220612 20:07:15.597"/>
</kw>
<kw name="Log To Console" library="BuiltIn">
<arg>${LINKTEXT}</arg>
<doc>Logs the given message to the console.</doc>
<status status="PASS" starttime="20220612 20:07:15.597" endtime="20220612 20:07:15.599"/>
</kw>
<status status="PASS" starttime="20220612 20:07:15.492" endtime="20220612 20:07:15.599"/>
</iter>
<iter>
<var name="${i}">45</var>
<kw name="Get Text" library="SeleniumLibrary">
<var>${LINKTEXT}</var>
<arg>xpath:(//a)[${i}]</arg>
<doc>Returns the text value of the element identified by ``locator``.</doc>
<msg timestamp="20220612 20:07:15.756" level="INFO">${LINKTEXT} = SIGN-ON</msg>
<status status="PASS" starttime="20220612 20:07:15.600" endtime="20220612 20:07:15.756"/>
</kw>
<kw name="Log To Console" library="BuiltIn">
<arg>${LINKTEXT}</arg>
<doc>Logs the given message to the console.</doc>
<status status="PASS" starttime="20220612 20:07:15.757" endtime="20220612 20:07:15.758"/>
</kw>
<status status="PASS" starttime="20220612 20:07:15.600" endtime="20220612 20:07:15.758"/>
</iter>
<iter>
<var name="${i}">46</var>
<kw name="Get Text" library="SeleniumLibrary">
<var>${LINKTEXT}</var>
<arg>xpath:(//a)[${i}]</arg>
<doc>Returns the text value of the element identified by ``locator``.</doc>
<msg timestamp="20220612 20:07:15.838" level="INFO">${LINKTEXT} = REGISTER</msg>
<status status="PASS" starttime="20220612 20:07:15.759" endtime="20220612 20:07:15.838"/>
</kw>
<kw name="Log To Console" library="BuiltIn">
<arg>${LINKTEXT}</arg>
<doc>Logs the given message to the console.</doc>
<status status="PASS" starttime="20220612 20:07:15.838" endtime="20220612 20:07:15.840"/>
</kw>
<status status="PASS" starttime="20220612 20:07:15.759" endtime="20220612 20:07:15.840"/>
</iter>
<iter>
<var name="${i}">47</var>
<kw name="Get Text" library="SeleniumLibrary">
<var>${LINKTEXT}</var>
<arg>xpath:(//a)[${i}]</arg>
<doc>Returns the text value of the element identified by ``locator``.</doc>
<msg timestamp="20220612 20:07:15.918" level="INFO">${LINKTEXT} = SUPPORT</msg>
<status status="PASS" starttime="20220612 20:07:15.841" endtime="20220612 20:07:15.919"/>
</kw>
<kw name="Log To Console" library="BuiltIn">
<arg>${LINKTEXT}</arg>
<doc>Logs the given message to the console.</doc>
<status status="PASS" starttime="20220612 20:07:15.919" endtime="20220612 20:07:15.920"/>
</kw>
<status status="PASS" starttime="20220612 20:07:15.840" endtime="20220612 20:07:15.921"/>
</iter>
<iter>
<var name="${i}">48</var>
<kw name="Get Text" library="SeleniumLibrary">
<var>${LINKTEXT}</var>
<arg>xpath:(//a)[${i}]</arg>
<doc>Returns the text value of the element identified by ``locator``.</doc>
<msg timestamp="20220612 20:07:15.992" level="INFO">${LINKTEXT} = CONTACT</msg>
<status status="PASS" starttime="20220612 20:07:15.921" endtime="20220612 20:07:15.992"/>
</kw>
<kw name="Log To Console" library="BuiltIn">
<arg>${LINKTEXT}</arg>
<doc>Logs the given message to the console.</doc>
<status status="PASS" starttime="20220612 20:07:15.993" endtime="20220612 20:07:15.995"/>
</kw>
<status status="PASS" starttime="20220612 20:07:15.921" endtime="20220612 20:07:15.995"/>
</iter>
<iter>
<var name="${i}">49</var>
<kw name="Get Text" library="SeleniumLibrary">
<var>${LINKTEXT}</var>
<arg>xpath:(//a)[${i}]</arg>
<doc>Returns the text value of the element identified by ``locator``.</doc>
<msg timestamp="20220612 20:07:16.067" level="INFO">${LINKTEXT} = your destination</msg>
<status status="PASS" starttime="20220612 20:07:15.996" endtime="20220612 20:07:16.067"/>
</kw>
<kw name="Log To Console" library="BuiltIn">
<arg>${LINKTEXT}</arg>
<doc>Logs the given message to the console.</doc>
<status status="PASS" starttime="20220612 20:07:16.067" endtime="20220612 20:07:16.069"/>
</kw>
<status status="PASS" starttime="20220612 20:07:15.996" endtime="20220612 20:07:16.069"/>
</iter>
<iter>
<var name="${i}">50</var>
<kw name="Get Text" library="SeleniumLibrary">
<var>${LINKTEXT}</var>
<arg>xpath:(//a)[${i}]</arg>
<doc>Returns the text value of the element identified by ``locator``.</doc>
<msg timestamp="20220612 20:07:16.138" level="INFO">${LINKTEXT} = featured vacation destinations</msg>
<status status="PASS" starttime="20220612 20:07:16.069" endtime="20220612 20:07:16.138"/>
</kw>
<kw name="Log To Console" library="BuiltIn">
<arg>${LINKTEXT}</arg>
<doc>Logs the given message to the console.</doc>
<status status="PASS" starttime="20220612 20:07:16.138" endtime="20220612 20:07:16.140"/>
</kw>
<status status="PASS" starttime="20220612 20:07:16.069" endtime="20220612 20:07:16.140"/>
</iter>
<iter>
<var name="${i}">51</var>
<kw name="Get Text" library="SeleniumLibrary">
<var>${LINKTEXT}</var>
<arg>xpath:(//a)[${i}]</arg>
<doc>Returns the text value of the element identified by ``locator``.</doc>
<msg timestamp="20220612 20:07:16.207" level="INFO">${LINKTEXT} = Register here</msg>
<status status="PASS" starttime="20220612 20:07:16.140" endtime="20220612 20:07:16.207"/>
</kw>
<kw name="Log To Console" library="BuiltIn">
<arg>${LINKTEXT}</arg>
<doc>Logs the given message to the console.</doc>
<status status="PASS" starttime="20220612 20:07:16.207" endtime="20220612 20:07:16.209"/>
</kw>
<status status="PASS" starttime="20220612 20:07:16.140" endtime="20220612 20:07:16.209"/>
</iter>
<iter>
<var name="${i}">52</var>
<kw name="Get Text" library="SeleniumLibrary">
<var>${LINKTEXT}</var>
<arg>xpath:(//a)[${i}]</arg>
<doc>Returns the text value of the element identified by ``locator``.</doc>
<msg timestamp="20220612 20:07:16.283" level="INFO">${LINKTEXT} = Business Travel @ About.com</msg>
<status status="PASS" starttime="20220612 20:07:16.209" endtime="20220612 20:07:16.283"/>
</kw>
<kw name="Log To Console" library="BuiltIn">
<arg>${LINKTEXT}</arg>
<doc>Logs the given message to the console.</doc>
<status status="PASS" starttime="20220612 20:07:16.284" endtime="20220612 20:07:16.285"/>
</kw>
<status status="PASS" starttime="20220612 20:07:16.209" endtime="20220612 20:07:16.285"/>
</iter>
<iter>
<var name="${i}">53</var>
<kw name="Get Text" library="SeleniumLibrary">
<var>${LINKTEXT}</var>
<arg>xpath:(//a)[${i}]</arg>
<doc>Returns the text value of the element identified by ``locator``.</doc>
<msg timestamp="20220612 20:07:16.357" level="INFO">${LINKTEXT} = Salon Travel</msg>
<status status="PASS" starttime="20220612 20:07:16.286" endtime="20220612 20:07:16.357"/>
</kw>
<kw name="Log To Console" library="BuiltIn">
<arg>${LINKTEXT}</arg>
<doc>Logs the given message to the console.</doc>
<status status="PASS" starttime="20220612 20:07:16.358" endtime="20220612 20:07:16.359"/>
</kw>
<status status="PASS" starttime="20220612 20:07:16.285" endtime="20220612 20:07:16.359"/>
</iter>
<status status="PASS" starttime="20220612 20:07:11.990" endtime="20220612 20:07:16.359"/>
</for>
<status status="PASS" starttime="20220612 20:06:41.472" endtime="20220612 20:07:16.363"/>
</test>
<status status="PASS" starttime="20220612 20:06:41.396" endtime="20220612 20:07:16.366"/>
</suite>
<suite id="s1-s8" name="Handleframes" source="C:\Users\doopati\PycharmProjects\automation\Testcases\handleframes.robot">
<test id="s1-s8-t1" name="HandleFramesTest" line="7">
<kw name="Open Browser" library="SeleniumLibrary">
<arg>${url}</arg>
<arg>${browser}</arg>
<doc>Opens a new browser instance to the optional ``url``.</doc>
<msg timestamp="20220612 20:07:16.388" level="INFO">Opening browser 'chrome' to base url 'https://www.selenium.dev/selenium/docs/api/java/index.html?overview-summary.html'.</msg>
<status status="PASS" starttime="20220612 20:07:16.387" endtime="20220612 20:07:32.195"/>
</kw>
<kw name="Maximize Browser Window" library="SeleniumLibrary">
<doc>Maximizes current browser window.</doc>
<status status="PASS" starttime="20220612 20:07:32.206" endtime="20220612 20:07:32.888"/>
</kw>
<kw name="Select Frame" library="SeleniumLibrary">
<arg>packageListFrame</arg>
<doc>Sets frame identified by ``locator`` as the current frame.</doc>
<msg timestamp="20220612 20:07:33.086" level="INFO">Selecting frame 'packageListFrame'.</msg>
<status status="PASS" starttime="20220612 20:07:33.085" endtime="20220612 20:07:33.741"/>
</kw>
<kw name="Click Link" library="SeleniumLibrary">
<arg>org.openqa.selenium</arg>
<doc>Clicks a link identified by ``locator``.</doc>
<msg timestamp="20220612 20:07:33.748" level="INFO">Clicking link 'org.openqa.selenium'.</msg>
<status status="PASS" starttime="20220612 20:07:33.747" endtime="20220612 20:07:34.140"/>
</kw>
<kw name="Unselect Frame" library="SeleniumLibrary">
<doc>Sets the main frame as the current frame.</doc>
<status status="PASS" starttime="20220612 20:07:34.150" endtime="20220612 20:07:34.189"/>
</kw>
<kw name="Sleep" library="BuiltIn">
<arg>3</arg>
<doc>Pauses the test executed for the given time.</doc>
<msg timestamp="20220612 20:07:37.198" level="INFO">Slept 3 seconds</msg>
<status status="PASS" starttime="20220612 20:07:34.196" endtime="20220612 20:07:37.198"/>
</kw>
<kw name="Select Frame" library="SeleniumLibrary">
<arg>packageFrame</arg>
<doc>Sets frame identified by ``locator`` as the current frame.</doc>
<msg timestamp="20220612 20:07:37.202" level="INFO">Selecting frame 'packageFrame'.</msg>
<status status="PASS" starttime="20220612 20:07:37.201" endtime="20220612 20:07:37.433"/>
</kw>
<kw name="Click Link" library="SeleniumLibrary">
<arg>WebDriver</arg>
<doc>Clicks a link identified by ``locator``.</doc>
<msg timestamp="20220612 20:07:37.436" level="INFO">Clicking link 'WebDriver'.</msg>
<status status="PASS" starttime="20220612 20:07:37.435" endtime="20220612 20:07:37.777"/>
</kw>
<kw name="Unselect Frame" library="SeleniumLibrary">
<doc>Sets the main frame as the current frame.</doc>
<status status="PASS" starttime="20220612 20:07:37.787" endtime="20220612 20:07:37.808"/>
</kw>
<kw name="Sleep" library="BuiltIn">
<arg>3</arg>
<doc>Pauses the test executed for the given time.</doc>
<msg timestamp="20220612 20:07:40.820" level="INFO">Slept 3 seconds</msg>
<status status="PASS" starttime="20220612 20:07:37.818" endtime="20220612 20:07:40.820"/>
</kw>
<kw name="Select Frame" library="SeleniumLibrary">
<arg>classFrame</arg>
<doc>Sets frame identified by ``locator`` as the current frame.</doc>
<msg timestamp="20220612 20:07:40.824" level="INFO">Selecting frame 'classFrame'.</msg>
<status status="PASS" starttime="20220612 20:07:40.822" endtime="20220612 20:07:40.914"/>
</kw>
<kw name="Click Link" library="SeleniumLibrary">
<arg>Help</arg>
<doc>Clicks a link identified by ``locator``.</doc>
<msg timestamp="20220612 20:07:40.917" level="INFO">Clicking link 'Help'.</msg>
<status status="PASS" starttime="20220612 20:07:40.916" endtime="20220612 20:07:42.520"/>
</kw>
<kw name="Unselect Frame" library="SeleniumLibrary">
<doc>Sets the main frame as the current frame.</doc>
<status status="PASS" starttime="20220612 20:07:42.526" endtime="20220612 20:07:42.582"/>
</kw>
<kw name="Sleep" library="BuiltIn">
<arg>3</arg>
<doc>Pauses the test executed for the given time.</doc>
<msg timestamp="20220612 20:07:45.587" level="INFO">Slept 3 seconds</msg>
<status status="PASS" starttime="20220612 20:07:42.586" endtime="20220612 20:07:45.587"/>
</kw>
<kw name="Close Browser" library="SeleniumLibrary">
<doc>Closes the current browser.</doc>
<status status="PASS" starttime="20220612 20:07:45.596" endtime="20220612 20:07:59.998"/>
</kw>
<status status="PASS" starttime="20220612 20:07:16.385" endtime="20220612 20:08:00.014"/>
</test>
<status status="PASS" starttime="20220612 20:07:16.372" endtime="20220612 20:08:00.019"/>
</suite>
<suite id="s1-s9" name="Implicitwaittest" source="C:\Users\doopati\PycharmProjects\automation\Testcases\implicitwaittest.robot">
<test id="s1-s9-t1" name="Registration Test" line="8">
<kw name="Open Browser" library="SeleniumLibrary">
<arg>${url}</arg>
<arg>${browser}</arg>
<doc>Opens a new browser instance to the optional ``url``.</doc>
<msg timestamp="20220612 20:08:00.057" level="INFO">Opening browser 'chrome' to base url 'http://demowebshop.tricentis.com/register'.</msg>
<status status="PASS" starttime="20220612 20:08:00.053" endtime="20220612 20:08:12.482"/>
</kw>
<kw name="Maximize Browser Window" library="SeleniumLibrary">
<doc>Maximizes current browser window.</doc>
<status status="PASS" starttime="20220612 20:08:12.488" endtime="20220612 20:08:12.677"/>
</kw>
<kw name="Get Selenium Implicit Wait" library="SeleniumLibrary">
<var>${implicittime}</var>
<doc>Gets the implicit wait value used by Selenium.</doc>
<msg timestamp="20220612 20:08:12.684" level="INFO">${implicittime} = 0 seconds</msg>
<status status="PASS" starttime="20220612 20:08:12.683" endtime="20220612 20:08:12.684"/>
</kw>
<kw name="Log To Console" library="BuiltIn">
<arg>${implicittime}</arg>
<doc>Logs the given message to the console.</doc>
<status status="PASS" starttime="20220612 20:08:12.685" endtime="20220612 20:08:12.689"/>
</kw>
<kw name="Set Selenium Implicit Wait" library="SeleniumLibrary">
<arg>10</arg>
<doc>Sets the implicit wait value used by Selenium.</doc>
<status status="PASS" starttime="20220612 20:08:12.691" endtime="20220612 20:08:12.714"/>
</kw>
<kw name="Get Selenium Implicit Wait" library="SeleniumLibrary">
<var>${implicittime}</var>
<doc>Gets the implicit wait value used by Selenium.</doc>
<msg timestamp="20220612 20:08:12.716" level="INFO">${implicittime} = 10 seconds</msg>
<status status="PASS" starttime="20220612 20:08:12.715" endtime="20220612 20:08:12.716"/>
</kw>
<kw name="Log To Console" library="BuiltIn">
<arg>${implicittime}</arg>
<doc>Logs the given message to the console.</doc>
<status status="PASS" starttime="20220612 20:08:12.717" endtime="20220612 20:08:12.718"/>
</kw>
<kw name="Select Radio Button" library="SeleniumLibrary">
<arg>Gender</arg>
<arg>F</arg>
<doc>Sets the radio button group ``group_name`` to ``value``.</doc>
<msg timestamp="20220612 20:08:12.721" level="INFO">Selecting 'F' from radio button 'Gender'.</msg>
<status status="PASS" starttime="20220612 20:08:12.720" endtime="20220612 20:08:12.954"/>
</kw>
<kw name="Input Text" library="SeleniumLibrary">
<arg>name:FirstName1</arg>
<arg>Lavanya</arg>
<doc>Types the given ``text`` into the text field identified by ``locator``.</doc>
<msg timestamp="20220612 20:08:12.959" level="INFO">Typing text 'Lavanya' into text field 'name:FirstName1'.</msg>
<msg timestamp="20220612 20:08:23.851" level="INFO" html="true">&lt;/td&gt;&lt;/tr&gt;&lt;tr&gt;&lt;td colspan="3"&gt;&lt;a href="selenium-screenshot-17.png"&gt;&lt;img src="selenium-screenshot-17.png" width="800px"&gt;&lt;/a&gt;</msg>
<msg timestamp="20220612 20:08:23.853" level="FAIL">Element with locator 'name:FirstName1' not found.</msg>
<status status="FAIL" starttime="20220612 20:08:12.958" endtime="20220612 20:08:23.943"/>
</kw>
<kw name="Input Text" library="SeleniumLibrary">
<arg>name:LastName</arg>
<arg>Doopati</arg>
<doc>Types the given ``text`` into the text field identified by ``locator``.</doc>
<status status="NOT RUN" starttime="20220612 20:08:24.306" endtime="20220612 20:08:24.307"/>
</kw>
<kw name="Input Text" library="SeleniumLibrary">
<arg>id:Email</arg>
<arg>lavanyadoopati@gmail.com</arg>
<doc>Types the given ``text`` into the text field identified by ``locator``.</doc>
<status status="NOT RUN" starttime="20220612 20:08:24.523" endtime="20220612 20:08:24.524"/>
</kw>
<kw name="Input Text" library="SeleniumLibrary">
<arg>id:Password</arg>
<arg>123456john</arg>
<doc>Types the given ``text`` into the text field identified by ``locator``.</doc>
<status status="NOT RUN" starttime="20220612 20:08:24.649" endtime="20220612 20:08:24.650"/>
</kw>
<kw name="Input Text" library="SeleniumLibrary">
<arg>id:ConfirmPassword</arg>
<arg>123456john</arg>
<doc>Types the given ``text`` into the text field identified by ``locator``.</doc>
<status status="NOT RUN" starttime="20220612 20:08:24.707" endtime="20220612 20:08:24.707"/>
</kw>
<kw name="Close Browser" library="SeleniumLibrary">
<doc>Closes the current browser.</doc>
<status status="NOT RUN" starttime="20220612 20:08:24.744" endtime="20220612 20:08:24.744"/>
</kw>
<status status="FAIL" starttime="20220612 20:08:00.049" endtime="20220612 20:08:24.792">Element with locator 'name:FirstName1' not found.</status>
</test>
<status status="FAIL" starttime="20220612 20:08:00.032" endtime="20220612 20:08:24.975"/>
</suite>
<suite id="s1-s10" name="Inputbox" source="C:\Users\doopati\PycharmProjects\automation\Testcases\inputbox.robot">
<test id="s1-s10-t1" name="TestingInputBox" line="7">
<kw name="Open Browser" library="SeleniumLibrary">
<arg>${url}</arg>
<arg>${browser}</arg>
<doc>Opens a new browser instance to the optional ``url``.</doc>
<msg timestamp="20220612 20:08:25.242" level="INFO">Opening browser 'chrome' to base url 'https://demo.nopcommerce.com/'.</msg>
<status status="PASS" starttime="20220612 20:08:25.239" endtime="20220612 20:08:38.112"/>
</kw>
<kw name="Maximize Browser Window" library="SeleniumLibrary">
<doc>Maximizes current browser window.</doc>
<status status="PASS" starttime="20220612 20:08:38.122" endtime="20220612 20:08:38.412"/>
</kw>
<kw name="Title Should Be" library="SeleniumLibrary">
<arg>nopCommerce demo store</arg>
<doc>Verifies that the current page title equals ``title``.</doc>
<msg timestamp="20220612 20:08:38.442" level="INFO">Page title is 'nopCommerce demo store'.</msg>
<status status="PASS" starttime="20220612 20:08:38.417" endtime="20220612 20:08:38.443"/>
</kw>
<kw name="Click Link" library="SeleniumLibrary">
<arg>xpath://a[@class='ico-login']</arg>
<doc>Clicks a link identified by ``locator``.</doc>
<msg timestamp="20220612 20:08:38.448" level="INFO">Clicking link 'xpath://a[@class='ico-login']'.</msg>
<status status="PASS" starttime="20220612 20:08:38.446" endtime="20220612 20:08:40.015"/>
</kw>
<kw name="Set Variable" library="BuiltIn">
<var>${"email_txt"}</var>
<arg>id:Email</arg>
<doc>Returns the given values which can then be assigned to a variables.</doc>
<msg timestamp="20220612 20:08:40.046" level="INFO">${"email_txt"} = id:Email</msg>
<status status="PASS" starttime="20220612 20:08:40.045" endtime="20220612 20:08:40.046"/>
</kw>
<kw name="Element Should Not Be Visible" library="SeleniumLibrary">
<arg>${"email_txt"}</arg>
<doc>Verifies that the element identified by ``locator`` is NOT visible.</doc>
<msg timestamp="20220612 20:08:40.879" level="INFO" html="true">&lt;/td&gt;&lt;/tr&gt;&lt;tr&gt;&lt;td colspan="3"&gt;&lt;a href="selenium-screenshot-18.png"&gt;&lt;img src="selenium-screenshot-18.png" width="800px"&gt;&lt;/a&gt;</msg>
<msg timestamp="20220612 20:08:40.880" level="FAIL">The element 'id:Email' should not be visible, but it is.</msg>
<status status="FAIL" starttime="20220612 20:08:40.048" endtime="20220612 20:08:40.945"/>
</kw>
<kw name="Input Text" library="SeleniumLibrary">
<arg>${"email_txt"}</arg>
<arg>JohnDavid@gmail.com</arg>
<doc>Types the given ``text`` into the text field identified by ``locator``.</doc>
<status status="NOT RUN" starttime="20220612 20:08:40.949" endtime="20220612 20:08:40.949"/>
</kw>
<kw name="Sleep" library="BuiltIn">
<arg>5</arg>
<doc>Pauses the test executed for the given time.</doc>
<status status="NOT RUN" starttime="20220612 20:08:40.952" endtime="20220612 20:08:40.952"/>
</kw>
<kw name="Clear Element Text" library="SeleniumLibrary">
<arg>${"email_txt"}</arg>
<doc>Clears the value of the text-input-element identified by ``locator``.</doc>
<status status="NOT RUN" starttime="20220612 20:08:40.954" endtime="20220612 20:08:40.954"/>
</kw>
<kw name="Sleep" library="BuiltIn">
<arg>3</arg>
<doc>Pauses the test executed for the given time.</doc>
<status status="NOT RUN" starttime="20220612 20:08:40.956" endtime="20220612 20:08:40.956"/>
</kw>
<kw name="Close Browser" library="SeleniumLibrary">
<doc>Closes the current browser.</doc>
<status status="NOT RUN" starttime="20220612 20:08:40.958" endtime="20220612 20:08:40.958"/>
</kw>
<status status="FAIL" starttime="20220612 20:08:25.231" endtime="20220612 20:08:40.960">The element 'id:Email' should not be visible, but it is.</status>
</test>
<status status="FAIL" starttime="20220612 20:08:25.193" endtime="20220612 20:08:40.966"/>
</suite>
<suite id="s1-s11" name="Mouseoperations" source="C:\Users\doopati\PycharmProjects\automation\Testcases\mouseoperations.robot">
<test id="s1-s11-t1" name="MouseActions" line="6">
<kw name="Open Browser" library="SeleniumLibrary">
<arg>https://swisnl.github.io/jQuery-contextMenu/demo.html</arg>
<arg>chrome</arg>
<doc>Opens a new browser instance to the optional ``url``.</doc>
<msg timestamp="20220612 20:08:41.004" level="INFO">Opening browser 'chrome' to base url 'https://swisnl.github.io/jQuery-contextMenu/demo.html'.</msg>
<status status="PASS" starttime="20220612 20:08:41.003" endtime="20220612 20:08:53.656"/>
</kw>
<kw name="Maximize Browser Window" library="SeleniumLibrary">
<doc>Maximizes current browser window.</doc>
<status status="PASS" starttime="20220612 20:08:53.661" endtime="20220612 20:08:53.928"/>
</kw>
<kw name="Open Context Menu" library="SeleniumLibrary">
<arg>xpath:/html/body/div/section/div/div/div/p/span</arg>
<doc>Opens the context menu on the element identified by ``locator``.</doc>
<status status="PASS" starttime="20220612 20:08:53.940" endtime="20220612 20:08:54.598"/>
</kw>
<kw name="Sleep" library="BuiltIn">
<arg>3</arg>
<doc>Pauses the test executed for the given time.</doc>
<msg timestamp="20220612 20:08:57.611" level="INFO">Slept 3 seconds</msg>
<status status="PASS" starttime="20220612 20:08:54.608" endtime="20220612 20:08:57.612"/>
</kw>
<kw name="Go To" library="SeleniumLibrary">
<arg>https://testautomationpractice.blogspot.com/</arg>
<doc>Navigates the current browser window to the provided ``url``.</doc>
<msg timestamp="20220612 20:08:57.615" level="INFO">Opening url 'https://testautomationpractice.blogspot.com/'</msg>
<status status="PASS" starttime="20220612 20:08:57.614" endtime="20220612 20:09:06.865"/>
</kw>
<kw name="Maximize Browser Window" library="SeleniumLibrary">
<doc>Maximizes current browser window.</doc>
<status status="PASS" starttime="20220612 20:09:06.868" endtime="20220612 20:09:06.908"/>
</kw>
<kw name="Double Click Element" library="SeleniumLibrary">
<arg>xpath://*[@id="HTML10"]/div[1]/button</arg>
<doc>Double clicks the element identified by ``locator``.</doc>
<msg timestamp="20220612 20:09:06.910" level="INFO">Double clicking element 'xpath://*[@id="HTML10"]/div[1]/button'.</msg>
<status status="PASS" starttime="20220612 20:09:06.910" endtime="20220612 20:09:07.309"/>
</kw>
<kw name="Sleep" library="BuiltIn">
<arg>3</arg>
<doc>Pauses the test executed for the given time.</doc>
<msg timestamp="20220612 20:09:10.313" level="INFO">Slept 3 seconds</msg>
<status status="PASS" starttime="20220612 20:09:07.312" endtime="20220612 20:09:10.313"/>
</kw>
<kw name="Go To" library="SeleniumLibrary">
<arg>http://www.dhtmlgoodies.com/scripts/drag-drop-custom/demo-drag-drop-3.html</arg>
<doc>Navigates the current browser window to the provided ``url``.</doc>
<msg timestamp="20220612 20:09:10.318" level="INFO">Opening url 'http://www.dhtmlgoodies.com/scripts/drag-drop-custom/demo-drag-drop-3.html'</msg>
<status status="PASS" starttime="20220612 20:09:10.317" endtime="20220612 20:09:18.840"/>
</kw>
<kw name="Maximize Browser Window" library="SeleniumLibrary">
<doc>Maximizes current browser window.</doc>
<status status="PASS" starttime="20220612 20:09:18.846" endtime="20220612 20:09:19.410"/>
</kw>
<kw name="Drag And Drop" library="SeleniumLibrary">
<arg>id:box6</arg>
<arg>id:box106</arg>
<doc>Drags the element identified by ``locator`` into the ``target`` element.</doc>
<status status="PASS" starttime="20220612 20:09:19.469" endtime="20220612 20:09:27.705"/>
</kw>
<kw name="Sleep" library="BuiltIn">
<arg>3</arg>
<doc>Pauses the test executed for the given time.</doc>
<msg timestamp="20220612 20:09:30.711" level="INFO">Slept 3 seconds</msg>
<status status="PASS" starttime="20220612 20:09:27.709" endtime="20220612 20:09:30.711"/>
</kw>
<status status="PASS" starttime="20220612 20:08:40.996" endtime="20220612 20:09:30.713"/>
</test>
<status status="PASS" starttime="20220612 20:08:40.975" endtime="20220612 20:09:30.717"/>
</suite>
<suite id="s1-s12" name="Navigationalkeywords" source="C:\Users\doopati\PycharmProjects\automation\Testcases\navigationalkeywords.robot">
<test id="s1-s12-t1" name="NavigationTest" line="6">
<kw name="Open Browser" library="SeleniumLibrary">
<arg>https://www.google.com/</arg>
<arg>chrome</arg>
<doc>Opens a new browser instance to the optional ``url``.</doc>
<msg timestamp="20220612 20:09:30.740" level="INFO">Opening browser 'chrome' to base url 'https://www.google.com/'.</msg>
<status status="PASS" starttime="20220612 20:09:30.740" endtime="20220612 20:09:42.706"/>
</kw>
<kw name="Get Location" library="SeleniumLibrary">
<var>${loc}</var>
<doc>Returns the current browser window URL.</doc>
<msg timestamp="20220612 20:09:42.818" level="INFO">${loc} = https://www.google.com/</msg>
<status status="PASS" starttime="20220612 20:09:42.720" endtime="20220612 20:09:42.819"/>
</kw>
<kw name="Log To Console" library="BuiltIn">
<arg>${loc}</arg>
<doc>Logs the given message to the console.</doc>
<status status="PASS" starttime="20220612 20:09:42.821" endtime="20220612 20:09:42.822"/>
</kw>
<kw name="Sleep" library="BuiltIn">
<arg>3</arg>
<doc>Pauses the test executed for the given time.</doc>
<msg timestamp="20220612 20:09:45.824" level="INFO">Slept 3 seconds</msg>
<status status="PASS" starttime="20220612 20:09:42.823" endtime="20220612 20:09:45.825"/>
</kw>
<kw name="Go To" library="SeleniumLibrary">
<arg>https://www.bing.com/</arg>
<doc>Navigates the current browser window to the provided ``url``.</doc>
<msg timestamp="20220612 20:09:45.829" level="INFO">Opening url 'https://www.bing.com/'</msg>
<status status="PASS" starttime="20220612 20:09:45.828" endtime="20220612 20:09:47.188"/>
</kw>
<kw name="Get Location" library="SeleniumLibrary">
<var>${loc}</var>
<doc>Returns the current browser window URL.</doc>
<msg timestamp="20220612 20:09:47.945" level="INFO">${loc} = https://www.bing.com/</msg>
<status status="PASS" starttime="20220612 20:09:47.220" endtime="20220612 20:09:47.945"/>
</kw>
<kw name="Log To Console" library="BuiltIn">
<arg>${loc}</arg>
<doc>Logs the given message to the console.</doc>
<status status="PASS" starttime="20220612 20:09:47.966" endtime="20220612 20:09:47.970"/>
</kw>
<kw name="Sleep" library="BuiltIn">
<arg>3</arg>
<doc>Pauses the test executed for the given time.</doc>
<msg timestamp="20220612 20:09:50.973" level="INFO">Slept 3 seconds</msg>
<status status="PASS" starttime="20220612 20:09:47.971" endtime="20220612 20:09:50.973"/>
</kw>
<kw name="Go Back" library="SeleniumLibrary">
<doc>Simulates the user clicking the back button on their browser.</doc>
<status status="PASS" starttime="20220612 20:09:51.008" endtime="20220612 20:09:57.253"/>
</kw>
<kw name="Get Location" library="SeleniumLibrary">
<var>${loc}</var>
<doc>Returns the current browser window URL.</doc>
<msg timestamp="20220612 20:09:57.364" level="INFO">${loc} = https://www.google.com/</msg>
<status status="PASS" starttime="20220612 20:09:57.269" endtime="20220612 20:09:57.365"/>
</kw>
<kw name="Log To Console" library="BuiltIn">
<arg>${loc}</arg>
<doc>Logs the given message to the console.</doc>
<status status="PASS" starttime="20220612 20:09:57.367" endtime="20220612 20:09:57.369"/>
</kw>
<kw name="Close All Browsers" library="SeleniumLibrary">
<doc>Closes all open browsers and resets the browser cache.</doc>
<status status="PASS" starttime="20220612 20:09:57.373" endtime="20220612 20:10:19.717"/>
</kw>
<status status="PASS" starttime="20220612 20:09:30.738" endtime="20220612 20:10:19.723"/>
</test>
<status status="PASS" starttime="20220612 20:09:30.724" endtime="20220612 20:10:19.727"/>
</suite>
<suite id="s1-s13" name="Radiobutton" source="C:\Users\doopati\PycharmProjects\automation\Testcases\radiobutton.robot">
<test id="s1-s13-t1" name="Testing Radio Buttons and Check Boxes" line="7">
<kw name="Open Browser" library="SeleniumLibrary">
<arg>${url}</arg>
<arg>${browser}</arg>
<doc>Opens a new browser instance to the optional ``url``.</doc>
<msg timestamp="20220612 20:10:19.794" level="INFO">Opening browser 'chrome' to base url 'https://www.techlistic.com/p/selenium-practice-form.html'.</msg>
<status status="PASS" starttime="20220612 20:10:19.792" endtime="20220612 20:11:17.553"/>
</kw>
<kw name="Maximize Browser Window" library="SeleniumLibrary">
<doc>Maximizes current browser window.</doc>
<status status="PASS" starttime="20220612 20:11:17.559" endtime="20220612 20:11:18.145"/>
</kw>
<kw name="Set Selenium Speed" library="SeleniumLibrary">
<arg>2seconds</arg>
<doc>Sets the delay that is waited after each Selenium command.</doc>
<status status="PASS" starttime="20220612 20:11:18.165" endtime="20220612 20:11:18.167"/>
</kw>
<kw name="Select Radio Button" library="SeleniumLibrary">
<arg>sex</arg>
<arg>Female</arg>
<doc>Sets the radio button group ``group_name`` to ``value``.</doc>
[...]
</suite>
<suite id="s1-s16" name="Tabbedwindows" source="C:\Users\doopati\PycharmProjects\automation\Testcases\tabbedwindows.robot">
<test id="s1-s16-t1" name="TabbedWindowsTest" line="7">
<kw name="Open Browser" library="SeleniumLibrary">
<arg>${url}</arg>
<arg>${browser}</arg>
<doc>Opens a new browser instance to the optional ``url``.</doc>
<msg timestamp="20220612 20:13:43.482" level="INFO">Opening browser 'chrome' to base url 'http://demo.automationtesting.in/Windows.html'.</msg>
<status status="PASS" starttime="20220612 20:13:43.480" endtime="20220612 20:14:02.405"/>
</kw>
<kw name="Click Element" library="SeleniumLibrary">
<arg>xpath://*[@id="Tabbed"]/a/button</arg>
<doc>Click the element identified by ``locator``.</doc>
<msg timestamp="20220612 20:14:02.412" level="INFO">Clicking element 'xpath://*[@id="Tabbed"]/a/button'.</msg>
<status status="PASS" starttime="20220612 20:14:02.411" endtime="20220612 20:14:07.385"/>
</kw>
<kw name="Switch Window" library="SeleniumLibrary">
<arg>title=Selenium</arg>
<doc>Switches to browser window matching ``locator``.</doc>
<status status="PASS" starttime="20220612 20:14:07.619" endtime="20220612 20:14:35.629"/>
</kw>
<kw name="Click Element" library="SeleniumLibrary">
<arg>xpath://*[@id="main_navbar"]/ul/li[7]/a/span</arg>
<doc>Click the element identified by ``locator``.</doc>
<msg timestamp="20220612 20:14:35.635" level="INFO">Clicking element 'xpath://*[@id="main_navbar"]/ul/li[7]/a/span'.</msg>
<status status="PASS" starttime="20220612 20:14:35.633" endtime="20220612 20:14:41.430"/>
</kw>
<kw name="Sleep" library="BuiltIn">
<arg>3</arg>
<doc>Pauses the test executed for the given time.</doc>
<msg timestamp="20220612 20:14:44.434" level="INFO">Slept 3 seconds</msg>
<status status="PASS" starttime="20220612 20:14:41.434" endtime="20220612 20:14:44.434"/>
</kw>
<kw name="Close All Browsers" library="SeleniumLibrary">
<doc>Closes all open browsers and resets the browser cache.</doc>
<status status="PASS" starttime="20220612 20:14:44.437" endtime="20220612 20:14:57.160"/>
</kw>
<status status="PASS" starttime="20220612 20:13:43.477" endtime="20220612 20:14:57.165"/>
</test>
<status status="PASS" starttime="20220612 20:13:43.468" endtime="20220612 20:14:57.169"/>
</suite>
<suite id="s1-s17" name="Tabledemo" source="C:\Users\doopati\PycharmProjects\automation\Testcases\Tabledemo.robot">
<test id="s1-s17-t1" name="TableValidation" line="5">
<kw name="Open Browser" library="SeleniumLibrary">
<arg>https://testautomationpractice.blogspot.com/</arg>
<arg>chrome</arg>
<doc>Opens a new browser instance to the optional ``url``.</doc>
<msg timestamp="20220612 20:14:57.205" level="INFO">Opening browser 'chrome' to base url 'https://testautomationpractice.blogspot.com/'.</msg>
<status status="PASS" starttime="20220612 20:14:57.204" endtime="20220612 20:15:13.305"/>
</kw>
<kw name="Maximize Browser Window" library="SeleniumLibrary">
<doc>Maximizes current browser window.</doc>
<status status="PASS" starttime="20220612 20:15:13.307" endtime="20220612 20:15:15.443"/>
</kw>
<kw name="Get Element Count" library="SeleniumLibrary">
<var>${rows}</var>
<arg>xpath://table[@name='BookTable']//tr</arg>
<doc>Returns the number of elements matching ``locator``.</doc>
<msg timestamp="20220612 20:15:17.584" level="INFO">${rows} = 7</msg>
<status status="PASS" starttime="20220612 20:15:15.456" endtime="20220612 20:15:17.584"/>
</kw>
<kw name="Log To Console" library="BuiltIn">
<arg>${rows}</arg>
<doc>Logs the given message to the console.</doc>
<status status="PASS" starttime="20220612 20:15:17.586" endtime="20220612 20:15:17.587"/>
</kw>
<kw name="Get Element Count" library="SeleniumLibrary">
<var>${columns}</var>
<arg>xpath://table[@name='BookTable']//th</arg>
<doc>Returns the number of elements matching ``locator``.</doc>
<msg timestamp="20220612 20:15:19.618" level="INFO">${columns} = 4</msg>
<status status="PASS" starttime="20220612 20:15:17.588" endtime="20220612 20:15:19.618"/>
</kw>
<kw name="Log To Console" library="BuiltIn">
<arg>${columns}</arg>
<doc>Logs the given message to the console.</doc>
<status status="PASS" starttime="20220612 20:15:19.622" endtime="20220612 20:15:19.623"/>
</kw>
<kw name="Get Text" library="SeleniumLibrary">
<var>${data}</var>
<arg>xpath://table[@name='BookTable']//tr[5]/td[2]</arg>
<doc>Returns the text value of the element identified by ``locator``.</doc>
<msg timestamp="20220612 20:15:23.888" level="INFO">${data} = Mukesh</msg>
<status status="PASS" starttime="20220612 20:15:19.624" endtime="20220612 20:15:23.888"/>
</kw>
<kw name="Log To Console" library="BuiltIn">
<arg>${data}</arg>
<doc>Logs the given message to the console.</doc>
<status status="PASS" starttime="20220612 20:15:23.894" endtime="20220612 20:15:23.900"/>
</kw>
<kw name="Table Column Should Contain" library="SeleniumLibrary">
<arg>xpath://table[@name='BookTable']</arg>
<arg>2</arg>
<arg>Author</arg>
<doc>Verifies table column contains text ``expected``.</doc>
<status status="PASS" starttime="20220612 20:15:23.901" endtime="20220612 20:15:32.034"/>
</kw>
<kw name="Table Row Should Contain" library="SeleniumLibrary">
<arg>xpath://table[@name='BookTable']</arg>
<arg>4</arg>
<arg>Learn JS</arg>
<doc>Verifies that table row contains text ``expected``.</doc>
<status status="PASS" starttime="20220612 20:15:32.062" endtime="20220612 20:15:40.187"/>
</kw>
<kw name="Table Cell Should Contain" library="SeleniumLibrary">
<arg>xpath://table[@name='BookTable']</arg>
<arg>5</arg>
<arg>2</arg>
<arg>Mukesh</arg>
<doc>Verifies table cell contains text ``expected``.</doc>
<msg timestamp="20220612 20:16:02.311" level="INFO">Table cell contains 'Mukesh'.</msg>
<status status="PASS" starttime="20220612 20:15:40.189" endtime="20220612 20:16:02.311"/>
</kw>
<kw name="Table Header Should Contain" library="SeleniumLibrary">
<arg>xpath://table[@name='BookTable']</arg>
<arg>BookName</arg>
<doc>Verifies table header contains text ``expected``.</doc>
<status status="PASS" starttime="20220612 20:16:02.314" endtime="20220612 20:16:10.440"/>
</kw>
<kw name="Close Browser" library="SeleniumLibrary">
<doc>Closes the current browser.</doc>
<status status="PASS" starttime="20220612 20:16:10.445" endtime="20220612 20:16:14.751"/>
</kw>
<status status="PASS" starttime="20220612 20:14:57.201" endtime="20220612 20:16:14.754"/>
</test>
<status status="PASS" starttime="20220612 20:14:57.177" endtime="20220612 20:16:14.758"/>
</suite>
<suite id="s1-s18" name="TC 1" source="C:\Users\doopati\PycharmProjects\automation\Testcases\TC_1.robot">
<test id="s1-s18-t1" name="LoginTest" line="9">
<kw name="Open Browser" library="SeleniumLibrary">
<arg>${url}</arg>
<arg>${browser}</arg>
<doc>Opens a new browser instance to the optional ``url``.</doc>
<msg timestamp="20220612 20:16:14.782" level="INFO">Opening browser 'chrome' to base url 'https://demo.nopcommerce.com/'.</msg>
<status status="PASS" starttime="20220612 20:16:14.782" endtime="20220612 20:16:24.930"/>
</kw>
<kw name="loginToApplication">
<kw name="Click Link" library="SeleniumLibrary">
<arg>xpath://a[@class='ico-login']</arg>
<doc>Clicks a link identified by ``locator``.</doc>
<msg timestamp="20220612 20:16:24.970" level="INFO">Clicking link 'xpath://a[@class='ico-login']'.</msg>
<status status="PASS" starttime="20220612 20:16:24.967" endtime="20220612 20:16:48.178"/>
</kw>
<kw name="Input Text" library="SeleniumLibrary">
<arg>id:Email</arg>
<arg>pavantraining@gmail.com</arg>
<doc>Types the given ``text`` into the text field identified by ``locator``.</doc>
<msg timestamp="20220612 20:16:48.180" level="INFO">Typing text 'pavantraining@gmail.com' into text field 'id:Email'.</msg>
<status status="PASS" starttime="20220612 20:16:48.179" endtime="20220612 20:16:54.424"/>
</kw>
<kw name="Input Text" library="SeleniumLibrary">
<arg>id:Password</arg>
<arg>Test@123</arg>
<doc>Types the given ``text`` into the text field identified by ``locator``.</doc>
<msg timestamp="20220612 20:16:54.426" level="INFO">Typing text 'Test@123' into text field 'id:Password'.</msg>
<status status="PASS" starttime="20220612 20:16:54.425" endtime="20220612 20:17:00.679"/>
</kw>
<kw name="Click Element" library="SeleniumLibrary">
<arg>xpath://button[normalize-space()='Log in']</arg>
<doc>Click the element identified by ``locator``.</doc>
<msg timestamp="20220612 20:17:00.681" level="INFO">Clicking element 'xpath://button[normalize-space()='Log in']'.</msg>
<status status="PASS" starttime="20220612 20:17:00.681" endtime="20220612 20:17:06.325"/>
</kw>
<status status="PASS" starttime="20220612 20:16:24.936" endtime="20220612 20:17:06.326"/>
</kw>
<kw name="Close Browser" library="SeleniumLibrary">
<doc>Closes the current browser.</doc>
<status status="PASS" starttime="20220612 20:17:06.332" endtime="20220612 20:17:10.565"/>
</kw>
<status status="PASS" starttime="20220612 20:16:14.780" endtime="20220612 20:17:10.568"/>
</test>
<status status="PASS" starttime="20220612 20:16:14.766" endtime="20220612 20:17:10.572"/>
</suite>
<suite id="s1-s19" name="Timeouttest" source="C:\Users\doopati\PycharmProjects\automation\Testcases\timeouttest.robot">
<test id="s1-s19-t1" name="Registration Test" line="8">
<kw name="Get Selenium Timeout" library="SeleniumLibrary">
<var>${time}</var>
<doc>Gets the timeout that is used by various keywords.</doc>
<msg timestamp="20220612 20:17:10.601" level="INFO">${time} = 5 seconds</msg>
<status status="PASS" starttime="20220612 20:17:10.600" endtime="20220612 20:17:10.601"/>
</kw>
<kw name="Log To Console" library="BuiltIn">
<arg>${time}</arg>
<doc>Logs the given message to the console.</doc>
<status status="PASS" starttime="20220612 20:17:10.602" endtime="20220612 20:17:10.604"/>
</kw>
<kw name="Open Browser" library="SeleniumLibrary">
<arg>${url}</arg>
<arg>${browser}</arg>
<doc>Opens a new browser instance to the optional ``url``.</doc>
<msg timestamp="20220612 20:17:10.607" level="INFO">Opening browser 'chrome' to base url 'http://demowebshop.tricentis.com/register'.</msg>
<status status="PASS" starttime="20220612 20:17:10.606" endtime="20220612 20:17:20.508"/>
</kw>
<kw name="Maximize Browser Window" library="SeleniumLibrary">
<doc>Maximizes current browser window.</doc>
<status status="PASS" starttime="20220612 20:17:20.510" endtime="20220612 20:17:22.716"/>
</kw>
<kw name="Set Selenium Timeout" library="SeleniumLibrary">
<arg>10 seconds</arg>
<doc>Sets the timeout that is used by various keywords.</doc>
<status status="PASS" starttime="20220612 20:17:22.719" endtime="20220612 20:17:24.722"/>
</kw>
<kw name="Wait Until Page Contains" library="SeleniumLibrary">
<arg>Registration</arg>
<doc>Waits until ``text`` appears on the current page.</doc>
<msg timestamp="20220612 20:17:39.198" level="INFO" html="true">&lt;/td&gt;&lt;/tr&gt;&lt;tr&gt;&lt;td colspan="3"&gt;&lt;a href="selenium-screenshot-19.png"&gt;&lt;img src="selenium-screenshot-19.png" width="800px"&gt;&lt;/a&gt;</msg>
<msg timestamp="20220612 20:17:39.199" level="FAIL">Text 'Registration' did not appear in 10 seconds.</msg>
<status status="FAIL" starttime="20220612 20:17:24.725" endtime="20220612 20:17:39.216"/>
</kw>
<kw name="Select Radio Button" library="SeleniumLibrary">
<arg>Gender</arg>
<arg>F</arg>
<doc>Sets the radio button group ``group_name`` to ``value``.</doc>
<status status="NOT RUN" starttime="20220612 20:17:39.220" endtime="20220612 20:17:39.220"/>
</kw>
<kw name="Input Text" library="SeleniumLibrary">
<arg>name:FirstName</arg>
<arg>Lavanya</arg>
<doc>Types the given ``text`` into the text field identified by ``locator``.</doc>
<status status="NOT RUN" starttime="20220612 20:17:39.221" endtime="20220612 20:17:39.221"/>
</kw>
<kw name="Input Text" library="SeleniumLibrary">
<arg>name:LastName</arg>
<arg>Doopati</arg>
<doc>Types the given ``text`` into the text field identified by ``locator``.</doc>
<status status="NOT RUN" starttime="20220612 20:17:39.222" endtime="20220612 20:17:39.222"/>
</kw>
<kw name="Input Text" library="SeleniumLibrary">
<arg>id:Email</arg>
<arg>lavanyadoopati@gmail.com</arg>
<doc>Types the given ``text`` into the text field identified by ``locator``.</doc>
<status status="NOT RUN" starttime="20220612 20:17:39.223" endtime="20220612 20:17:39.223"/>
</kw>
<kw name="Input Text" library="SeleniumLibrary">
<arg>id:Password</arg>
<arg>123456john</arg>
<doc>Types the given ``text`` into the text field identified by ``locator``.</doc>
<status status="NOT RUN" starttime="20220612 20:17:39.224" endtime="20220612 20:17:39.224"/>
</kw>
<kw name="Input Text" library="SeleniumLibrary">
<arg>id:ConfirmPassword</arg>
<arg>123456john</arg>
<doc>Types the given ``text`` into the text field identified by ``locator``.</doc>
<status status="NOT RUN" starttime="20220612 20:17:39.224" endtime="20220612 20:17:39.225"/>
</kw>
<kw name="Click Button" library="SeleniumLibrary">
<arg>name:register-button</arg>
<doc>Clicks the button identified by ``locator``.</doc>
<status status="NOT RUN" starttime="20220612 20:17:39.225" endtime="20220612 20:17:39.225"/>
</kw>
<kw name="Get Selenium Speed" library="SeleniumLibrary">
<var>${speed}</var>
<doc>Gets the delay that is waited after each Selenium command.</doc>
<status status="NOT RUN" starttime="20220612 20:17:39.227" endtime="20220612 20:17:39.227"/>
</kw>
<kw name="Log To Console" library="BuiltIn">
<arg>${speed}</arg>
<doc>Logs the given message to the console.</doc>
<status status="NOT RUN" starttime="20220612 20:17:39.228" endtime="20220612 20:17:39.228"/>
</kw>
<kw name="Close Browser" library="SeleniumLibrary">
<doc>Closes the current browser.</doc>
<status status="NOT RUN" starttime="20220612 20:17:39.230" endtime="20220612 20:17:39.230"/>
</kw>
<status status="FAIL" starttime="20220612 20:17:10.597" endtime="20220612 20:17:39.232">Text 'Registration' did not appear in 10 seconds.</status>
</test>
<status status="FAIL" starttime="20220612 20:17:10.580" endtime="20220612 20:17:39.235"/>
</suite>
<suite id="s1-s20" name="Userkeywords" source="C:\Users\doopati\PycharmProjects\automation\Testcases\userkeywords.robot">
<test id="s1-s20-t1" name="TC1" line="11">
<kw name="launchBrowser" library="resources">
<var>${Pagetitle}</var>
<arg>${url}</arg>
<arg>${browser}</arg>
<kw name="Open Browser" library="SeleniumLibrary">
<arg>${appurl}</arg>
<arg>${appbrowser}</arg>
<doc>Opens a new browser instance to the optional ``url``.</doc>
<msg timestamp="20220612 20:17:39.285" level="INFO">Opening browser 'chrome' to base url 'https://demo.guru99.com/test/newtours/'.</msg>
<status status="PASS" starttime="20220612 20:17:39.284" endtime="20220612 20:17:55.789"/>
</kw>
<kw name="Maximize Browser Window" library="SeleniumLibrary">
<doc>Maximizes current browser window.</doc>
<status status="PASS" starttime="20220612 20:17:55.790" endtime="20220612 20:17:57.965"/>
</kw>
<kw name="Get Title" library="SeleniumLibrary">
<var>${title}</var>
<doc>Returns the title of the current page.</doc>
<msg timestamp="20220612 20:17:59.978" level="INFO">${title} = Welcome: Mercury Tours</msg>
<status status="PASS" starttime="20220612 20:17:57.966" endtime="20220612 20:17:59.978"/>
</kw>
<msg timestamp="20220612 20:17:59.979" level="INFO">${Pagetitle} = Welcome: Mercury Tours</msg>
<status status="PASS" starttime="20220612 20:17:39.283" endtime="20220612 20:17:59.979"/>
</kw>
<kw name="Log To Console" library="BuiltIn">
<arg>${Pagetitle}</arg>
<doc>Logs the given message to the console.</doc>
<status status="PASS" starttime="20220612 20:17:59.982" endtime="20220612 20:17:59.984"/>
</kw>
<kw name="Log" library="BuiltIn">
<arg>${Pagetitle}</arg>
<doc>Logs the given message with the given level.</doc>
<msg timestamp="20220612 20:17:59.986" level="INFO">Welcome: Mercury Tours</msg>
<status status="PASS" starttime="20220612 20:17:59.985" endtime="20220612 20:17:59.986"/>
</kw>
<kw name="Input Text" library="SeleniumLibrary">
<arg>name:userName</arg>
<arg>mercury</arg>
<doc>Types the given ``text`` into the text field identified by ``locator``.</doc>
<msg timestamp="20220612 20:17:59.987" level="INFO">Typing text 'mercury' into text field 'name:userName'.</msg>
<status status="PASS" starttime="20220612 20:17:59.987" endtime="20220612 20:18:06.452"/>
</kw>
<kw name="Input Text" library="SeleniumLibrary">
<arg>name:password</arg>
<arg>mercury</arg>
<doc>Types the given ``text`` into the text field identified by ``locator``.</doc>
<msg timestamp="20220612 20:18:06.460" level="INFO">Typing text 'mercury' into text field 'name:password'.</msg>
<status status="PASS" starttime="20220612 20:18:06.459" endtime="20220612 20:18:12.773"/>
</kw>
<status status="PASS" starttime="20220612 20:17:39.281" endtime="20220612 20:18:12.776"/>
</test>
<status status="PASS" starttime="20220612 20:17:39.238" endtime="20220612 20:18:12.780"/>
</suite>
<status status="FAIL" starttime="20220612 20:04:00.650" endtime="20220612 20:18:12.789"/>
</suite>
<statistics>
<total>
<stat pass="15" fail="5" skip="0">All Tests</stat>
</total>
<tag>
</tag>
<suite>
<stat pass="15" fail="5" skip="0" id="s1" name="Testcases">Testcases</stat>
<stat pass="1" fail="0" skip="0" id="s1-s1" name="Alert">Testcases.Alert</stat>
<stat pass="1" fail="0" skip="0" id="s1-s2" name="Browserwindows">Testcases.Browserwindows</stat>
<stat pass="1" fail="0" skip="0" id="s1-s3" name="Capturescreen">Testcases.Capturescreen</stat>
<stat pass="1" fail="0" skip="0" id="s1-s4" name="Closeall">Testcases.Closeall</stat>
<stat pass="0" fail="1" skip="0" id="s1-s5" name="Dropdownlistbox">Testcases.Dropdownlistbox</stat>
<stat pass="1" fail="0" skip="0" id="s1-s6" name="Forloopdemo">Testcases.Forloopdemo</stat>
<stat pass="1" fail="0" skip="0" id="s1-s7" name="Getallliks">Testcases.Getallliks</stat>
<stat pass="1" fail="0" skip="0" id="s1-s8" name="Handleframes">Testcases.Handleframes</stat>
<stat pass="0" fail="1" skip="0" id="s1-s9" name="Implicitwaittest">Testcases.Implicitwaittest</stat>
<stat pass="0" fail="1" skip="0" id="s1-s10" name="Inputbox">Testcases.Inputbox</stat>
<stat pass="1" fail="0" skip="0" id="s1-s11" name="Mouseoperations">Testcases.Mouseoperations</stat>
<stat pass="1" fail="0" skip="0" id="s1-s12" name="Navigationalkeywords">Testcases.Navigationalkeywords</stat>
<stat pass="0" fail="1" skip="0" id="s1-s13" name="Radiobutton">Testcases.Radiobutton</stat>
<stat pass="1" fail="0" skip="0" id="s1-s14" name="Scrollpage">Testcases.Scrollpage</stat>
<stat pass="1" fail="0" skip="0" id="s1-s15" name="Speedtest">Testcases.Speedtest</stat>
<stat pass="1" fail="0" skip="0" id="s1-s16" name="Tabbedwindows">Testcases.Tabbedwindows</stat>
<stat pass="1" fail="0" skip="0" id="s1-s17" name="Tabledemo">Testcases.Tabledemo</stat>
<stat pass="1" fail="0" skip="0" id="s1-s18" name="TC 1">Testcases.TC 1</stat>
<stat pass="0" fail="1" skip="0" id="s1-s19" name="Timeouttest">Testcases.Timeouttest</stat>
<stat pass="1" fail="0" skip="0" id="s1-s20" name="Userkeywords">Testcases.Userkeywords</stat>
</suite>
</statistics>
<errors>
<msg timestamp="20220612 20:12:13.879" level="WARN">Keyword 'Capture Page Screenshot' could not be run on failure: Message: chrome not reachable
  (Session info: chrome=102.0.5005.115)
Stacktrace:
Backtrace:
	Ordinal0 [0x00C5D953+2414931]
	Ordinal0 [0x00BEF5E1+1963489]
	Ordinal0 [0x00ADC580+836992]
	Ordinal0 [0x00AD01E2+786914]
	Ordinal0 [0x00AD0A18+789016]
	Ordinal0 [0x00AD22F2+795378]
	Ordinal0 [0x00ACBCA9+769193]
	Ordinal0 [0x00ADDA30+842288]
	Ordinal0 [0x00B33FF2+1196018]
	Ordinal0 [0x00B242B6+1131190]
	Ordinal0 [0x00AFE860+976992]
	Ordinal0 [0x00AFF756+980822]
	GetHandleVerifier [0x00ECCC62+2510274]
	GetHandleVerifier [0x00EBF760+2455744]
	GetHandleVerifier [0x00CEEABA+551962]
	GetHandleVerifier [0x00CED916+547446]
	Ordinal0 [0x00BF5F3B+1990459]
	Ordinal0 [0x00BFA898+2009240]
	Ordinal0 [0x00BFA985+2009477]
	Ordinal0 [0x00C03AD1+2046673]
	BaseThreadInitThunk [0x74D18674+36]
	RtlGetAppContainerNamedObjectPath [0x77BB5EC7+311]
	RtlGetAppContainerNamedObjectPath [0x77BB5E97+263]
</msg>
</errors>
</robot>
